#
# There is insufficient memory for the Java Runtime Environment to continue.
# Native memory allocation (malloc) failed to allocate 182704 bytes. Error detail: Chunk::new
# Possible reasons:
#   The system is out of physical RAM or swap space
#   This process is running with CompressedOops enabled, and the Java Heap may be blocking the growth of the native heap
# Possible solutions:
#   Reduce memory load on the system
#   Increase physical memory or swap space
#   Check if swap backing store is full
#   Decrease Java heap size (-Xmx/-Xms)
#   Decrease number of Java threads
#   Decrease Java thread stack sizes (-Xss)
#   Set larger code cache with -XX:ReservedCodeCacheSize=
#   JVM is running with Unscaled Compressed Oops mode in which the Java heap is
#     placed in the first 4GB address space. The Java Heap base address is the
#     maximum limit for the native heap growth. Please use -XX:HeapBaseMinAddress
#     to set the Java Heap base and to place the Java Heap above 4GB virtual address.
# This output file may be truncated or incomplete.
#
#  Out of Memory Error (arena.cpp:168), pid=27924, tid=15668
#
# JRE version: OpenJDK Runtime Environment (21.0.8) (build 21.0.8+-14018985-b1038.68)
# Java VM: OpenJDK 64-Bit Server VM (21.0.8+-14018985-b1038.68, mixed mode, tiered, compressed oops, compressed class ptrs, g1 gc, windows-amd64)
# No core dump will be written. Minidumps are not enabled by default on client versions of Windows
#

---------------  S U M M A R Y ------------

Command Line: --add-opens=java.base/java.lang=ALL-UNNAMED --add-opens=java.base/java.lang.invoke=ALL-UNNAMED --add-opens=java.base/java.util=ALL-UNNAMED --add-opens=java.prefs/java.util.prefs=ALL-UNNAMED --add-exports=jdk.compiler/com.sun.tools.javac.api=ALL-UNNAMED --add-exports=jdk.compiler/com.sun.tools.javac.util=ALL-UNNAMED --add-opens=java.base/java.util=ALL-UNNAMED --add-opens=java.prefs/java.util.prefs=ALL-UNNAMED --add-opens=java.base/java.nio.charset=ALL-UNNAMED --add-opens=java.base/java.net=ALL-UNNAMED --add-opens=java.base/java.util.concurrent.atomic=ALL-UNNAMED --add-opens=java.xml/javax.xml.namespace=ALL-UNNAMED -Xmx2048m -Dfile.encoding=UTF-8 -Duser.country=CN -Duser.language=zh -Duser.variant -javaagent:C:\Users\DELL\.gradle\wrapper\dists\gradle-8.13-bin\5xuhj0ry160q40clulazy9h7d\gradle-8.13\lib\agents\gradle-instrumentation-agent-8.13.jar org.gradle.launcher.daemon.bootstrap.GradleDaemon 8.13

Host: 13th Gen Intel(R) Core(TM) i5-1340P, 16 cores, 15G,  Windows 11 , 64 bit Build 26100 (10.0.26100.6725)
Time: Fri Oct 24 16:06:49 2025 elapsed time: 14.779839 seconds (0d 0h 0m 14s)

---------------  T H R E A D  ---------------

Current thread (0x0000021fe2940c50):  JavaThread "C2 CompilerThread2" daemon [_thread_in_native, id=15668, stack(0x000000dfa5700000,0x000000dfa5800000) (1024K)]


Current CompileTask:
C2:14779 8776       4       java.util.function.Predicate$$Lambda/0x00000001002779a0::test (15 bytes)

Stack: [0x000000dfa5700000,0x000000dfa5800000]
Native frames: (J=compiled Java code, j=interpreted, Vv=VM code, C=native code)
V  [jvm.dll+0x6d68d9]
V  [jvm.dll+0x866693]
V  [jvm.dll+0x868c4e]
V  [jvm.dll+0x869333]
V  [jvm.dll+0x280566]
V  [jvm.dll+0xc07cd]
V  [jvm.dll+0xc0d03]
V  [jvm.dll+0x3b961b]
V  [jvm.dll+0x1dfd12]
V  [jvm.dll+0x2493a4]
V  [jvm.dll+0x248821]
V  [jvm.dll+0x1c73a4]
V  [jvm.dll+0x257f9e]
V  [jvm.dll+0x2564e6]
V  [jvm.dll+0x3f4696]
V  [jvm.dll+0x80eac8]
V  [jvm.dll+0x6d512d]
C  [ucrtbase.dll+0x37b0]
C  [KERNEL32.DLL+0x2e8d7]
C  [ntdll.dll+0x8c53c]


---------------  P R O C E S S  ---------------

Threads class SMR info:
_java_thread_list=0x0000021fe29413e0, length=102, elements={
0x0000021fc951ad30, 0x0000021fe208db60, 0x0000021fe208e5c0, 0x0000021fe208fb90,
0x0000021fe20d7f90, 0x0000021fe20d8600, 0x0000021fe20dac10, 0x0000021fe20dd680,
0x0000021fe20def80, 0x0000021fe20e7a30, 0x0000021fe229bf00, 0x0000021fe25d0660,
0x0000021fe25cd1e0, 0x0000021fe25cd870, 0x0000021fe25cf2b0, 0x0000021fe25cdf00,
0x0000021fe25cec20, 0x0000021fe25ce590, 0x0000021fe25cffd0, 0x0000021fe8576c90,
0x0000021fe8576600, 0x0000021fe8575f70, 0x0000021fe8577320, 0x0000021fe8574bc0,
0x0000021fe85758e0, 0x0000021fe8578040, 0x0000021fe85779b0, 0x0000021fe8575250,
0x0000021fe85793f0, 0x0000021fe857b4c0, 0x0000021fe857bb50, 0x0000021fe8579a80,
0x0000021fe8578d60, 0x0000021fe857a110, 0x0000021fe857ae30, 0x0000021fe857a7a0,
0x0000021fec2c9070, 0x0000021fec2c6910, 0x0000021fec2c6280, 0x0000021fec2c8350,
0x0000021fec2c5bf0, 0x0000021fec2c9700, 0x0000021fec2c7630, 0x0000021fec2c9d90,
0x0000021fec2c7cc0, 0x0000021fec2ca420, 0x0000021fec2c6fa0, 0x0000021fec2ccb80,
0x0000021fec2cd210, 0x0000021fec2cb7d0, 0x0000021fec2cc4f0, 0x0000021fec2cb140,
0x0000021fec2caab0, 0x0000021fe2a04030, 0x0000021fe8460210, 0x0000021fea754d30,
0x0000021fe28083a0, 0x0000021fe280b820, 0x0000021fe280beb0, 0x0000021fe2808a30,
0x0000021fe28090c0, 0x0000021fe280cbd0, 0x0000021fe280df80, 0x0000021fe280c540,
0x0000021fe280d260, 0x0000021fe280d8f0, 0x0000021fe280e610, 0x0000021fe280eca0,
0x0000021fea532f70, 0x0000021fea530ea0, 0x0000021fea531bc0, 0x0000021fea531530,
0x0000021fea530810, 0x0000021fea533600, 0x0000021fea530180, 0x0000021fea5328e0,
0x0000021fea532250, 0x0000021fea533c90, 0x0000021fea5377a0, 0x0000021fea5349b0,
0x0000021fea535040, 0x0000021fea537110, 0x0000021fea534320, 0x0000021fea5356d0,
0x0000021fea535d60, 0x0000021fea5363f0, 0x0000021fea536a80, 0x0000021fe2809de0,
0x0000021fe9a6b8b0, 0x0000021fe9a6d980, 0x0000021fe9a6c5d0, 0x0000021fe9a6e010,
0x0000021fe9a6f3c0, 0x0000021fe9a6bf40, 0x0000021fe9a6e6a0, 0x0000021fe9a6ed30,
0x0000021fe9a6fa50, 0x0000021fe9a700e0, 0x0000021fe9a6cc60, 0x0000021fe9a70770,
0x0000021fe9a6d2f0, 0x0000021fe2940c50
}

Java Threads: ( => current thread )
  0x0000021fc951ad30 JavaThread "main"                              [_thread_blocked, id=9812, stack(0x000000df9dd00000,0x000000df9de00000) (1024K)]
  0x0000021fe208db60 JavaThread "Common-Cleaner"             daemon [_thread_blocked, id=6764, stack(0x000000df9e500000,0x000000df9e600000) (1024K)]
  0x0000021fe208e5c0 JavaThread "Reference Handler"          daemon [_thread_blocked, id=27240, stack(0x000000df9e600000,0x000000df9e700000) (1024K)]
  0x0000021fe208fb90 JavaThread "Finalizer"                  daemon [_thread_blocked, id=27676, stack(0x000000df9e700000,0x000000df9e800000) (1024K)]
  0x0000021fe20d7f90 JavaThread "Signal Dispatcher"          daemon [_thread_blocked, id=23196, stack(0x000000df9e800000,0x000000df9e900000) (1024K)]
  0x0000021fe20d8600 JavaThread "Attach Listener"            daemon [_thread_blocked, id=26484, stack(0x000000df9e900000,0x000000df9ea00000) (1024K)]
  0x0000021fe20dac10 JavaThread "Service Thread"             daemon [_thread_blocked, id=24372, stack(0x000000df9ea00000,0x000000df9eb00000) (1024K)]
  0x0000021fe20dd680 JavaThread "Monitor Deflation Thread"   daemon [_thread_blocked, id=28380, stack(0x000000df9eb00000,0x000000df9ec00000) (1024K)]
  0x0000021fe20def80 JavaThread "C2 CompilerThread0"         daemon [_thread_in_native, id=19596, stack(0x000000df9ec00000,0x000000df9ed00000) (1024K)]
  0x0000021fe20e7a30 JavaThread "C1 CompilerThread0"         daemon [_thread_blocked, id=22976, stack(0x000000df9ed00000,0x000000df9ee00000) (1024K)]
  0x0000021fe229bf00 JavaThread "C1 CompilerThread1"         daemon [_thread_blocked, id=5592, stack(0x000000df9ee00000,0x000000df9ef00000) (1024K)]
  0x0000021fe25d0660 JavaThread "Notification Thread"        daemon [_thread_blocked, id=24260, stack(0x000000df9f100000,0x000000df9f200000) (1024K)]
  0x0000021fe25cd1e0 JavaThread "Daemon health stats"               [_thread_blocked, id=28468, stack(0x000000df9fb00000,0x000000df9fc00000) (1024K)]
  0x0000021fe25cd870 JavaThread "Incoming local TCP Connector on port 60679"        [_thread_in_native, id=24884, stack(0x000000df9fc00000,0x000000df9fd00000) (1024K)]
  0x0000021fe25cf2b0 JavaThread "Daemon periodic checks"            [_thread_blocked, id=27868, stack(0x000000df9fd00000,0x000000df9fe00000) (1024K)]
  0x0000021fe25cdf00 JavaThread "Daemon"                            [_thread_blocked, id=24136, stack(0x000000df9fe00000,0x000000df9ff00000) (1024K)]
  0x0000021fe25cec20 JavaThread "Handler for socket connection from /127.0.0.1:60679 to /127.0.0.1:60680"        [_thread_in_native, id=22304, stack(0x000000df9ff00000,0x000000dfa0000000) (1024K)]
  0x0000021fe25ce590 JavaThread "Cancel handler"                    [_thread_blocked, id=28260, stack(0x000000dfa0000000,0x000000dfa0100000) (1024K)]
  0x0000021fe25cffd0 JavaThread "Daemon worker"                     [_thread_blocked, id=1376, stack(0x000000dfa0100000,0x000000dfa0200000) (1024K)]
  0x0000021fe8576c90 JavaThread "Asynchronous log dispatcher for DefaultDaemonConnection: socket connection from /127.0.0.1:60679 to /127.0.0.1:60680"        [_thread_blocked, id=23480, stack(0x000000dfa0200000,0x000000dfa0300000) (1024K)]
  0x0000021fe8576600 JavaThread "Stdin handler"                     [_thread_blocked, id=22292, stack(0x000000dfa0300000,0x000000dfa0400000) (1024K)]
  0x0000021fe8575f70 JavaThread "Daemon client event forwarder"        [_thread_blocked, id=27268, stack(0x000000dfa0400000,0x000000dfa0500000) (1024K)]
  0x0000021fe8577320 JavaThread "Cache worker for journal cache (C:\Users\DELL\.gradle\caches\journal-1)"        [_thread_blocked, id=26736, stack(0x000000dfa0e00000,0x000000dfa0f00000) (1024K)]
  0x0000021fe8574bc0 JavaThread "File lock request listener"        [_thread_in_native, id=21556, stack(0x000000dfa0f00000,0x000000dfa1000000) (1024K)]
  0x0000021fe85758e0 JavaThread "Cache worker for file hash cache (C:\Users\DELL\.gradle\caches\8.13\fileHashes)"        [_thread_blocked, id=26852, stack(0x000000dfa1000000,0x000000dfa1100000) (1024K)]
  0x0000021fe8578040 JavaThread "Cache worker for file hash cache (F:\workspace\SkinRecognition\.gradle\8.13\fileHashes)"        [_thread_blocked, id=26916, stack(0x000000dfa1100000,0x000000dfa1200000) (1024K)]
  0x0000021fe85779b0 JavaThread "Cache worker for Build Output Cleanup Cache (F:\workspace\SkinRecognition\.gradle\buildOutputCleanup)"        [_thread_blocked, id=11292, stack(0x000000dfa1200000,0x000000dfa1300000) (1024K)]
  0x0000021fe8575250 JavaThread "File watcher server"        daemon [_thread_in_native, id=25948, stack(0x000000dfa1300000,0x000000dfa1400000) (1024K)]
  0x0000021fe85793f0 JavaThread "File watcher consumer"      daemon [_thread_blocked, id=28608, stack(0x000000dfa1400000,0x000000dfa1500000) (1024K)]
  0x0000021fe857b4c0 JavaThread "jar transforms"                    [_thread_blocked, id=21996, stack(0x000000df9f400000,0x000000df9f500000) (1024K)]
  0x0000021fe857bb50 JavaThread "jar transforms Thread 2"           [_thread_blocked, id=20872, stack(0x000000df9f500000,0x000000df9f600000) (1024K)]
  0x0000021fe8579a80 JavaThread "Cache worker for checksums cache (F:\workspace\SkinRecognition\.gradle\8.13\checksums)"        [_thread_blocked, id=28540, stack(0x000000dfa1800000,0x000000dfa1900000) (1024K)]
  0x0000021fe8578d60 JavaThread "Cache worker for file content cache (C:\Users\DELL\.gradle\caches\8.13\fileContent)"        [_thread_blocked, id=25040, stack(0x000000dfa1900000,0x000000dfa1a00000) (1024K)]
  0x0000021fe857a110 JavaThread "jar transforms Thread 3"           [_thread_blocked, id=23128, stack(0x000000dfa1a00000,0x000000dfa1b00000) (1024K)]
  0x0000021fe857ae30 JavaThread "Cache worker for cache directory md-supplier (C:\Users\DELL\.gradle\caches\8.13\md-supplier)"        [_thread_blocked, id=24532, stack(0x000000dfa1b00000,0x000000dfa1c00000) (1024K)]
  0x0000021fe857a7a0 JavaThread "Cache worker for cache directory md-rule (C:\Users\DELL\.gradle\caches\8.13\md-rule)"        [_thread_blocked, id=13552, stack(0x000000dfa1c00000,0x000000dfa1d00000) (1024K)]
  0x0000021fec2c9070 JavaThread "Unconstrained build operations"        [_thread_blocked, id=26424, stack(0x000000dfa1700000,0x000000dfa1800000) (1024K)]
  0x0000021fec2c6910 JavaThread "Unconstrained build operations Thread 2"        [_thread_blocked, id=27480, stack(0x000000dfa1d00000,0x000000dfa1e00000) (1024K)]
  0x0000021fec2c6280 JavaThread "Unconstrained build operations Thread 3"        [_thread_blocked, id=9236, stack(0x000000dfa1e00000,0x000000dfa1f00000) (1024K)]
  0x0000021fec2c8350 JavaThread "Unconstrained build operations Thread 4"        [_thread_blocked, id=26656, stack(0x000000dfa1f00000,0x000000dfa2000000) (1024K)]
  0x0000021fec2c5bf0 JavaThread "Unconstrained build operations Thread 5"        [_thread_blocked, id=27896, stack(0x000000dfa2000000,0x000000dfa2100000) (1024K)]
  0x0000021fec2c9700 JavaThread "Unconstrained build operations Thread 6"        [_thread_blocked, id=28472, stack(0x000000dfa2100000,0x000000dfa2200000) (1024K)]
  0x0000021fec2c7630 JavaThread "Unconstrained build operations Thread 7"        [_thread_blocked, id=23740, stack(0x000000dfa2200000,0x000000dfa2300000) (1024K)]
  0x0000021fec2c9d90 JavaThread "Unconstrained build operations Thread 8"        [_thread_blocked, id=26352, stack(0x000000dfa2300000,0x000000dfa2400000) (1024K)]
  0x0000021fec2c7cc0 JavaThread "jar transforms Thread 4"           [_thread_blocked, id=21732, stack(0x000000dfa2400000,0x000000dfa2500000) (1024K)]
  0x0000021fec2ca420 JavaThread "jar transforms Thread 5"           [_thread_blocked, id=4904, stack(0x000000dfa2500000,0x000000dfa2600000) (1024K)]
  0x0000021fec2c6fa0 JavaThread "Unconstrained build operations Thread 9"        [_thread_blocked, id=26496, stack(0x000000dfa2600000,0x000000dfa2700000) (1024K)]
  0x0000021fec2ccb80 JavaThread "Unconstrained build operations Thread 10"        [_thread_blocked, id=26124, stack(0x000000dfa2700000,0x000000dfa2800000) (1024K)]
  0x0000021fec2cd210 JavaThread "Unconstrained build operations Thread 11"        [_thread_blocked, id=28116, stack(0x000000dfa2800000,0x000000dfa2900000) (1024K)]
  0x0000021fec2cb7d0 JavaThread "Unconstrained build operations Thread 12"        [_thread_blocked, id=25068, stack(0x000000dfa2900000,0x000000dfa2a00000) (1024K)]
  0x0000021fec2cc4f0 JavaThread "jar transforms Thread 6"           [_thread_blocked, id=26904, stack(0x000000dfa2a00000,0x000000dfa2b00000) (1024K)]
  0x0000021fec2cb140 JavaThread "jar transforms Thread 7"           [_thread_blocked, id=23572, stack(0x000000dfa2b00000,0x000000dfa2c00000) (1024K)]
  0x0000021fec2caab0 JavaThread "jar transforms Thread 8"           [_thread_blocked, id=2156, stack(0x000000dfa2c00000,0x000000dfa2d00000) (1024K)]
  0x0000021fe2a04030 JavaThread "C2 CompilerThread1"         daemon [_thread_in_native, id=27616, stack(0x000000df9f200000,0x000000df9f300000) (1024K)]
  0x0000021fe8460210 JavaThread "C1 CompilerThread2"         daemon [_thread_blocked, id=28580, stack(0x000000df9ef00000,0x000000df9f000000) (1024K)]
  0x0000021fea754d30 JavaThread "C1 CompilerThread3"         daemon [_thread_blocked, id=18708, stack(0x000000df9f000000,0x000000df9f100000) (1024K)]
  0x0000021fe28083a0 JavaThread "Unconstrained build operations Thread 13"        [_thread_blocked, id=25696, stack(0x000000df9f300000,0x000000df9f400000) (1024K)]
  0x0000021fe280b820 JavaThread "Unconstrained build operations Thread 14"        [_thread_blocked, id=25752, stack(0x000000dfa1500000,0x000000dfa1600000) (1024K)]
  0x0000021fe280beb0 JavaThread "Unconstrained build operations Thread 15"        [_thread_blocked, id=27232, stack(0x000000dfa1600000,0x000000dfa1700000) (1024K)]
  0x0000021fe2808a30 JavaThread "Unconstrained build operations Thread 16"        [_thread_blocked, id=22868, stack(0x000000dfa2d00000,0x000000dfa2e00000) (1024K)]
  0x0000021fe28090c0 JavaThread "Unconstrained build operations Thread 17"        [_thread_blocked, id=26756, stack(0x000000dfa2e00000,0x000000dfa2f00000) (1024K)]
  0x0000021fe280cbd0 JavaThread "Unconstrained build operations Thread 18"        [_thread_blocked, id=9580, stack(0x000000dfa2f00000,0x000000dfa3000000) (1024K)]
  0x0000021fe280df80 JavaThread "Unconstrained build operations Thread 19"        [_thread_blocked, id=28592, stack(0x000000dfa3000000,0x000000dfa3100000) (1024K)]
  0x0000021fe280c540 JavaThread "Unconstrained build operations Thread 20"        [_thread_blocked, id=3936, stack(0x000000dfa3100000,0x000000dfa3200000) (1024K)]
  0x0000021fe280d260 JavaThread "Unconstrained build operations Thread 21"        [_thread_blocked, id=3972, stack(0x000000dfa3200000,0x000000dfa3300000) (1024K)]
  0x0000021fe280d8f0 JavaThread "Unconstrained build operations Thread 22"        [_thread_blocked, id=1208, stack(0x000000dfa3300000,0x000000dfa3400000) (1024K)]
  0x0000021fe280e610 JavaThread "Unconstrained build operations Thread 23"        [_thread_blocked, id=20976, stack(0x000000dfa3400000,0x000000dfa3500000) (1024K)]
  0x0000021fe280eca0 JavaThread "Unconstrained build operations Thread 24"        [_thread_blocked, id=4700, stack(0x000000dfa3500000,0x000000dfa3600000) (1024K)]
  0x0000021fea532f70 JavaThread "Unconstrained build operations Thread 25"        [_thread_blocked, id=17528, stack(0x000000dfa3600000,0x000000dfa3700000) (1024K)]
  0x0000021fea530ea0 JavaThread "Unconstrained build operations Thread 26"        [_thread_blocked, id=3388, stack(0x000000dfa3700000,0x000000dfa3800000) (1024K)]
  0x0000021fea531bc0 JavaThread "Unconstrained build operations Thread 27"        [_thread_blocked, id=6280, stack(0x000000dfa3800000,0x000000dfa3900000) (1024K)]
  0x0000021fea531530 JavaThread "Unconstrained build operations Thread 28"        [_thread_blocked, id=22000, stack(0x000000dfa3900000,0x000000dfa3a00000) (1024K)]
  0x0000021fea530810 JavaThread "Unconstrained build operations Thread 29"        [_thread_blocked, id=6420, stack(0x000000dfa3a00000,0x000000dfa3b00000) (1024K)]
  0x0000021fea533600 JavaThread "Unconstrained build operations Thread 30"        [_thread_blocked, id=3616, stack(0x000000dfa3b00000,0x000000dfa3c00000) (1024K)]
  0x0000021fea530180 JavaThread "Unconstrained build operations Thread 31"        [_thread_blocked, id=22404, stack(0x000000dfa3c00000,0x000000dfa3d00000) (1024K)]
  0x0000021fea5328e0 JavaThread "Unconstrained build operations Thread 32"        [_thread_blocked, id=10304, stack(0x000000dfa3d00000,0x000000dfa3e00000) (1024K)]
  0x0000021fea532250 JavaThread "Unconstrained build operations Thread 33"        [_thread_blocked, id=19412, stack(0x000000dfa3e00000,0x000000dfa3f00000) (1024K)]
  0x0000021fea533c90 JavaThread "Unconstrained build operations Thread 34"        [_thread_blocked, id=4828, stack(0x000000dfa3f00000,0x000000dfa4000000) (1024K)]
  0x0000021fea5377a0 JavaThread "Unconstrained build operations Thread 35"        [_thread_blocked, id=19200, stack(0x000000dfa4000000,0x000000dfa4100000) (1024K)]
  0x0000021fea5349b0 JavaThread "Unconstrained build operations Thread 36"        [_thread_blocked, id=23260, stack(0x000000dfa4100000,0x000000dfa4200000) (1024K)]
  0x0000021fea535040 JavaThread "Unconstrained build operations Thread 37"        [_thread_blocked, id=26240, stack(0x000000dfa4200000,0x000000dfa4300000) (1024K)]
  0x0000021fea537110 JavaThread "Unconstrained build operations Thread 38"        [_thread_blocked, id=26664, stack(0x000000dfa4300000,0x000000dfa4400000) (1024K)]
  0x0000021fea534320 JavaThread "Unconstrained build operations Thread 39"        [_thread_blocked, id=5272, stack(0x000000dfa4400000,0x000000dfa4500000) (1024K)]
  0x0000021fea5356d0 JavaThread "Unconstrained build operations Thread 40"        [_thread_blocked, id=28188, stack(0x000000dfa4500000,0x000000dfa4600000) (1024K)]
  0x0000021fea535d60 JavaThread "Unconstrained build operations Thread 41"        [_thread_blocked, id=24772, stack(0x000000dfa4600000,0x000000dfa4700000) (1024K)]
  0x0000021fea5363f0 JavaThread "Unconstrained build operations Thread 42"        [_thread_blocked, id=19196, stack(0x000000dfa4700000,0x000000dfa4800000) (1024K)]
  0x0000021fea536a80 JavaThread "Unconstrained build operations Thread 43"        [_thread_in_Java, id=4732, stack(0x000000dfa4800000,0x000000dfa4900000) (1024K)]
  0x0000021fe2809de0 JavaThread "Unconstrained build operations Thread 44"        [_thread_in_native, id=9220, stack(0x000000dfa4900000,0x000000dfa4a00000) (1024K)]
  0x0000021fe9a6b8b0 JavaThread "Unconstrained build operations Thread 45"        [_thread_blocked, id=6264, stack(0x000000dfa4a00000,0x000000dfa4b00000) (1024K)]
  0x0000021fe9a6d980 JavaThread "Unconstrained build operations Thread 46"        [_thread_in_Java, id=13940, stack(0x000000dfa4b00000,0x000000dfa4c00000) (1024K)]
  0x0000021fe9a6c5d0 JavaThread "Unconstrained build operations Thread 47"        [_thread_in_native, id=16428, stack(0x000000dfa4c00000,0x000000dfa4d00000) (1024K)]
  0x0000021fe9a6e010 JavaThread "Unconstrained build operations Thread 48"        [_thread_blocked, id=18416, stack(0x000000dfa4d00000,0x000000dfa4e00000) (1024K)]
  0x0000021fe9a6f3c0 JavaThread "Unconstrained build operations Thread 49"        [_thread_blocked, id=9364, stack(0x000000dfa4e00000,0x000000dfa4f00000) (1024K)]
  0x0000021fe9a6bf40 JavaThread "Unconstrained build operations Thread 50"        [_thread_blocked, id=3144, stack(0x000000dfa4f00000,0x000000dfa5000000) (1024K)]
  0x0000021fe9a6e6a0 JavaThread "Unconstrained build operations Thread 51"        [_thread_in_native, id=18832, stack(0x000000dfa5000000,0x000000dfa5100000) (1024K)]
  0x0000021fe9a6ed30 JavaThread "Unconstrained build operations Thread 52"        [_thread_in_Java, id=19132, stack(0x000000dfa5100000,0x000000dfa5200000) (1024K)]
  0x0000021fe9a6fa50 JavaThread "Unconstrained build operations Thread 53"        [_thread_in_native, id=3548, stack(0x000000dfa5200000,0x000000dfa5300000) (1024K)]
  0x0000021fe9a700e0 JavaThread "Unconstrained build operations Thread 54"        [_thread_blocked, id=13752, stack(0x000000dfa5300000,0x000000dfa5400000) (1024K)]
  0x0000021fe9a6cc60 JavaThread "Unconstrained build operations Thread 55"        [_thread_in_Java, id=11412, stack(0x000000dfa5400000,0x000000dfa5500000) (1024K)]
  0x0000021fe9a70770 JavaThread "Unconstrained build operations Thread 56"        [_thread_blocked, id=11384, stack(0x000000dfa5500000,0x000000dfa5600000) (1024K)]
  0x0000021fe9a6d2f0 JavaThread "Unconstrained build operations Thread 57"        [_thread_in_native, id=6816, stack(0x000000dfa5600000,0x000000dfa5700000) (1024K)]
=>0x0000021fe2940c50 JavaThread "C2 CompilerThread2"         daemon [_thread_in_native, id=15668, stack(0x000000dfa5700000,0x000000dfa5800000) (1024K)]
Total: 102

Other Threads:
  0x0000021fe1fe73b0 VMThread "VM Thread"                           [id=24580, stack(0x000000df9e400000,0x000000df9e500000) (1024K)]
  0x0000021fe1fb09d0 WatcherThread "VM Periodic Task Thread"        [id=18328, stack(0x000000df9e300000,0x000000df9e400000) (1024K)]
  0x0000021fc9574970 WorkerThread "GC Thread#0"                     [id=1436, stack(0x000000df9de00000,0x000000df9df00000) (1024K)]
  0x0000021fe2b1d990 WorkerThread "GC Thread#1"                     [id=19700, stack(0x000000df9f600000,0x000000df9f700000) (1024K)]
  0x0000021fe2b1e530 WorkerThread "GC Thread#2"                     [id=28460, stack(0x000000df9f700000,0x000000df9f800000) (1024K)]
  0x0000021fe2a5a650 WorkerThread "GC Thread#3"                     [id=13896, stack(0x000000df9f800000,0x000000df9f900000) (1024K)]
  0x0000021fe26b1920 WorkerThread "GC Thread#4"                     [id=22820, stack(0x000000df9f900000,0x000000df9fa00000) (1024K)]
  0x0000021fe27fa0a0 WorkerThread "GC Thread#5"                     [id=22856, stack(0x000000df9fa00000,0x000000df9fb00000) (1024K)]
  0x0000021fe27faf20 WorkerThread "GC Thread#6"                     [id=460, stack(0x000000dfa0500000,0x000000dfa0600000) (1024K)]
  0x0000021fe27f9960 WorkerThread "GC Thread#7"                     [id=26808, stack(0x000000dfa0600000,0x000000dfa0700000) (1024K)]
  0x0000021fe27f95c0 WorkerThread "GC Thread#8"                     [id=11136, stack(0x000000dfa0700000,0x000000dfa0800000) (1024K)]
  0x0000021fe8591eb0 WorkerThread "GC Thread#9"                     [id=7952, stack(0x000000dfa0800000,0x000000dfa0900000) (1024K)]
  0x0000021fe8591770 WorkerThread "GC Thread#10"                    [id=26684, stack(0x000000dfa0900000,0x000000dfa0a00000) (1024K)]
  0x0000021fe858fa70 WorkerThread "GC Thread#11"                    [id=22068, stack(0x000000dfa0a00000,0x000000dfa0b00000) (1024K)]
  0x0000021fe85908f0 WorkerThread "GC Thread#12"                    [id=8976, stack(0x000000dfa0b00000,0x000000dfa0c00000) (1024K)]
  0x0000021fc9585860 ConcurrentGCThread "G1 Main Marker"            [id=24272, stack(0x000000df9df00000,0x000000df9e000000) (1024K)]
  0x0000021fc95878c0 WorkerThread "G1 Conc#0"                       [id=27472, stack(0x000000df9e000000,0x000000df9e100000) (1024K)]
  0x0000021fe858ef90 WorkerThread "G1 Conc#1"                       [id=28232, stack(0x000000dfa0c00000,0x000000dfa0d00000) (1024K)]
  0x0000021fe85901b0 WorkerThread "G1 Conc#2"                       [id=25840, stack(0x000000dfa0d00000,0x000000dfa0e00000) (1024K)]
  0x0000021fe1e16320 ConcurrentGCThread "G1 Refine#0"               [id=28632, stack(0x000000df9e100000,0x000000df9e200000) (1024K)]
  0x0000021fe1e17b50 ConcurrentGCThread "G1 Service"                [id=22960, stack(0x000000df9e200000,0x000000df9e300000) (1024K)]
Total: 21

Threads with active compile tasks:
C2 CompilerThread0  14814 8772       4       org.gradle.cache.internal.btree.CachingBlockStore::read (56 bytes)
C2 CompilerThread1  14814 8773       4       org.gradle.cache.internal.btree.FreeListBlockStore::read (12 bytes)
C2 CompilerThread2  14814 8776       4       java.util.function.Predicate$$Lambda/0x00000001002779a0::test (15 bytes)
Total: 3

VM state: not at safepoint (normal execution)

VM Mutex/Monitor currently owned by a thread: None

Heap address: 0x0000000080000000, size: 2048 MB, Compressed Oops mode: 32-bit

CDS archive(s) not mapped
Compressed class space mapped at: 0x0000000100000000-0x0000000140000000, reserved size: 1073741824
Narrow klass base: 0x0000000000000000, Narrow klass shift: 3, Narrow klass range: 0x140000000

GC Precious Log:
 CardTable entry size: 512
 Card Set container configuration: InlinePtr #cards 5 size 8 Array Of Cards #cards 12 size 40 Howl #buckets 4 coarsen threshold 1843 Howl Bitmap #cards 512 size 80 coarsen threshold 460 Card regions per heap region 1 cards per card region 2048
 CPUs: 16 total, 16 available
 Memory: 16068M
 Large Page Support: Disabled
 NUMA Support: Disabled
 Compressed Oops: Enabled (32-bit)
 Heap Region Size: 1M
 Heap Min Capacity: 8M
 Heap Initial Capacity: 252M
 Heap Max Capacity: 2G
 Pre-touch: Disabled
 Parallel Workers: 13
 Concurrent Workers: 3
 Concurrent Refinement Workers: 13
 Periodic GC: Disabled

Heap:
 garbage-first heap   total 92160K, used 56929K [0x0000000080000000, 0x0000000100000000)
  region size 1024K, 10 young (10240K), 3 survivors (3072K)
 Metaspace       used 72890K, committed 74560K, reserved 1114112K
  class space    used 10222K, committed 11008K, reserved 1048576K

Heap Regions: E=young(eden), S=young(survivor), O=old, HS=humongous(starts), HC=humongous(continues), CS=collection set, F=free, TAMS=top-at-mark-start, PB=parsable bottom
|   0|0x0000000080000000, 0x0000000080100000, 0x0000000080100000|100%|HS|  |TAMS 0x0000000080100000| PB 0x0000000080000000| Complete 
|   1|0x0000000080100000, 0x0000000080200000, 0x0000000080200000|100%|HC|  |TAMS 0x0000000080200000| PB 0x0000000080100000| Complete 
|   2|0x0000000080200000, 0x0000000080300000, 0x0000000080300000|100%|HC|  |TAMS 0x0000000080300000| PB 0x0000000080200000| Complete 
|   3|0x0000000080300000, 0x0000000080400000, 0x0000000080400000|100%| O|  |TAMS 0x0000000080400000| PB 0x0000000080300000| Untracked 
|   4|0x0000000080400000, 0x0000000080500000, 0x0000000080500000|100%| O|  |TAMS 0x0000000080500000| PB 0x0000000080400000| Untracked 
|   5|0x0000000080500000, 0x0000000080600000, 0x0000000080600000|100%| O|  |TAMS 0x0000000080600000| PB 0x0000000080500000| Untracked 
|   6|0x0000000080600000, 0x0000000080700000, 0x0000000080700000|100%|HS|  |TAMS 0x0000000080700000| PB 0x0000000080600000| Complete 
|   7|0x0000000080700000, 0x0000000080800000, 0x0000000080800000|100%| O|  |TAMS 0x0000000080800000| PB 0x0000000080700000| Untracked 
|   8|0x0000000080800000, 0x0000000080900000, 0x0000000080900000|100%| O|  |TAMS 0x0000000080900000| PB 0x0000000080800000| Untracked 
|   9|0x0000000080900000, 0x0000000080a00000, 0x0000000080a00000|100%| O|  |TAMS 0x0000000080a00000| PB 0x0000000080900000| Untracked 
|  10|0x0000000080a00000, 0x0000000080b00000, 0x0000000080b00000|100%| O|  |TAMS 0x0000000080b00000| PB 0x0000000080a00000| Untracked 
|  11|0x0000000080b00000, 0x0000000080c00000, 0x0000000080c00000|100%| O|  |TAMS 0x0000000080c00000| PB 0x0000000080b00000| Untracked 
|  12|0x0000000080c00000, 0x0000000080d00000, 0x0000000080d00000|100%| O|  |TAMS 0x0000000080d00000| PB 0x0000000080c00000| Untracked 
|  13|0x0000000080d00000, 0x0000000080e00000, 0x0000000080e00000|100%| O|  |TAMS 0x0000000080e00000| PB 0x0000000080d00000| Untracked 
|  14|0x0000000080e00000, 0x0000000080f00000, 0x0000000080f00000|100%| O|  |TAMS 0x0000000080f00000| PB 0x0000000080e00000| Untracked 
|  15|0x0000000080f00000, 0x0000000081000000, 0x0000000081000000|100%| O|  |TAMS 0x0000000081000000| PB 0x0000000080f00000| Untracked 
|  16|0x0000000081000000, 0x0000000081100000, 0x0000000081100000|100%| O|  |TAMS 0x0000000081100000| PB 0x0000000081000000| Untracked 
|  17|0x0000000081100000, 0x0000000081200000, 0x0000000081200000|100%| O|  |TAMS 0x0000000081200000| PB 0x0000000081100000| Untracked 
|  18|0x0000000081200000, 0x0000000081300000, 0x0000000081300000|100%| O|  |TAMS 0x0000000081300000| PB 0x0000000081200000| Untracked 
|  19|0x0000000081300000, 0x0000000081400000, 0x0000000081400000|100%| O|  |TAMS 0x0000000081400000| PB 0x0000000081400000| Untracked 
|  20|0x0000000081400000, 0x0000000081500000, 0x0000000081500000|100%| O|  |TAMS 0x0000000081500000| PB 0x0000000081400000| Updating 
|  21|0x0000000081500000, 0x0000000081600000, 0x0000000081600000|100%| O|  |TAMS 0x0000000081600000| PB 0x0000000081500000| Untracked 
|  22|0x0000000081600000, 0x0000000081700000, 0x0000000081700000|100%| O|  |TAMS 0x0000000081700000| PB 0x0000000081700000| Untracked 
|  23|0x0000000081700000, 0x0000000081800000, 0x0000000081800000|100%| O|  |TAMS 0x0000000081800000| PB 0x0000000081800000| Untracked 
|  24|0x0000000081800000, 0x0000000081900000, 0x0000000081900000|100%| O|  |TAMS 0x0000000081900000| PB 0x0000000081900000| Untracked 
|  25|0x0000000081900000, 0x0000000081a00000, 0x0000000081a00000|100%| O|  |TAMS 0x0000000081a00000| PB 0x0000000081a00000| Untracked 
|  26|0x0000000081a00000, 0x0000000081b00000, 0x0000000081b00000|100%| O|  |TAMS 0x0000000081b00000| PB 0x0000000081b00000| Untracked 
|  27|0x0000000081b00000, 0x0000000081c00000, 0x0000000081c00000|100%| O|  |TAMS 0x0000000081c00000| PB 0x0000000081c00000| Untracked 
|  28|0x0000000081c00000, 0x0000000081d00000, 0x0000000081d00000|100%| O|  |TAMS 0x0000000081d00000| PB 0x0000000081d00000| Updating 
|  29|0x0000000081d00000, 0x0000000081e00000, 0x0000000081e00000|100%| O|  |TAMS 0x0000000081e00000| PB 0x0000000081e00000| Untracked 
|  30|0x0000000081e00000, 0x0000000081f00000, 0x0000000081f00000|100%| O|  |TAMS 0x0000000081f00000| PB 0x0000000081f00000| Untracked 
|  31|0x0000000081f00000, 0x0000000082000000, 0x0000000082000000|100%| O|  |TAMS 0x0000000082000000| PB 0x0000000082000000| Updating 
|  32|0x0000000082000000, 0x0000000082100000, 0x0000000082100000|100%| O|  |TAMS 0x0000000082100000| PB 0x0000000082100000| Untracked 
|  33|0x0000000082100000, 0x0000000082200000, 0x0000000082200000|100%| O|  |TAMS 0x0000000082200000| PB 0x0000000082200000| Updating 
|  34|0x0000000082200000, 0x0000000082300000, 0x0000000082300000|100%| O|  |TAMS 0x0000000082300000| PB 0x0000000082300000| Untracked 
|  35|0x0000000082300000, 0x0000000082400000, 0x0000000082400000|100%| O|  |TAMS 0x0000000082400000| PB 0x0000000082400000| Untracked 
|  36|0x0000000082400000, 0x0000000082500000, 0x0000000082500000|100%| O|  |TAMS 0x0000000082500000| PB 0x0000000082500000| Untracked 
|  37|0x0000000082500000, 0x0000000082600000, 0x0000000082600000|100%| O|  |TAMS 0x0000000082600000| PB 0x0000000082600000| Updating 
|  38|0x0000000082600000, 0x0000000082700000, 0x0000000082700000|100%| O|  |TAMS 0x0000000082700000| PB 0x0000000082700000| Updating 
|  39|0x0000000082700000, 0x0000000082800000, 0x0000000082800000|100%| O|  |TAMS 0x0000000082800000| PB 0x0000000082800000| Updating 
|  40|0x0000000082800000, 0x0000000082899678, 0x0000000082900000| 59%| O|  |TAMS 0x0000000082800000| PB 0x0000000082800000| Updating 
|  41|0x0000000082900000, 0x0000000082a00000, 0x0000000082a00000|100%| O|  |TAMS 0x0000000082a00000| PB 0x0000000082a00000| Updating 
|  42|0x0000000082a00000, 0x0000000082b00000, 0x0000000082b00000|100%| O|  |TAMS 0x0000000082b00000| PB 0x0000000082b00000| Untracked 
|  43|0x0000000082b00000, 0x0000000082c00000, 0x0000000082c00000|100%| O|  |TAMS 0x0000000082c00000| PB 0x0000000082c00000| Untracked 
|  44|0x0000000082c00000, 0x0000000082d00000, 0x0000000082d00000|100%| O|  |TAMS 0x0000000082d00000| PB 0x0000000082d00000| Untracked 
|  45|0x0000000082d00000, 0x0000000082e00000, 0x0000000082e00000|100%| O|  |TAMS 0x0000000082e00000| PB 0x0000000082e00000| Untracked 
|  46|0x0000000082e00000, 0x0000000082f00000, 0x0000000082f00000|100%| O|  |TAMS 0x0000000082f00000| PB 0x0000000082f00000| Updating 
|  47|0x0000000082f00000, 0x0000000083000000, 0x0000000083000000|100%| O|  |TAMS 0x0000000082f2a148| PB 0x0000000082f2a148| Untracked 
|  48|0x0000000083000000, 0x0000000083000000, 0x0000000083100000|  0%| F|  |TAMS 0x0000000083000000| PB 0x0000000083000000| Untracked 
|  49|0x0000000083100000, 0x0000000083100000, 0x0000000083200000|  0%| F|  |TAMS 0x0000000083100000| PB 0x0000000083100000| Untracked 
|  50|0x0000000083200000, 0x0000000083200000, 0x0000000083300000|  0%| F|  |TAMS 0x0000000083200000| PB 0x0000000083200000| Untracked 
|  51|0x0000000083300000, 0x0000000083300000, 0x0000000083400000|  0%| F|  |TAMS 0x0000000083300000| PB 0x0000000083300000| Untracked 
|  52|0x0000000083400000, 0x0000000083400000, 0x0000000083500000|  0%| F|  |TAMS 0x0000000083400000| PB 0x0000000083400000| Untracked 
|  53|0x0000000083500000, 0x00000000835fefa8, 0x0000000083600000| 99%| S|CS|TAMS 0x0000000083500000| PB 0x0000000083500000| Complete 
|  54|0x0000000083600000, 0x0000000083700000, 0x0000000083700000|100%| S|CS|TAMS 0x0000000083600000| PB 0x0000000083600000| Complete 
|  55|0x0000000083700000, 0x0000000083700000, 0x0000000083800000|  0%| F|  |TAMS 0x0000000083700000| PB 0x0000000083700000| Untracked 
|  56|0x0000000083800000, 0x0000000083800000, 0x0000000083900000|  0%| F|  |TAMS 0x0000000083800000| PB 0x0000000083800000| Untracked 
|  57|0x0000000083900000, 0x0000000083900000, 0x0000000083a00000|  0%| F|  |TAMS 0x0000000083900000| PB 0x0000000083900000| Untracked 
|  58|0x0000000083a00000, 0x0000000083a00000, 0x0000000083b00000|  0%| F|  |TAMS 0x0000000083a00000| PB 0x0000000083a00000| Untracked 
|  59|0x0000000083b00000, 0x0000000083c00000, 0x0000000083c00000|100%| S|CS|TAMS 0x0000000083b00000| PB 0x0000000083b00000| Complete 
|  60|0x0000000083c00000, 0x0000000083c00000, 0x0000000083d00000|  0%| F|  |TAMS 0x0000000083c00000| PB 0x0000000083c00000| Untracked 
|  61|0x0000000083d00000, 0x0000000083d00000, 0x0000000083e00000|  0%| F|  |TAMS 0x0000000083d00000| PB 0x0000000083d00000| Untracked 
|  62|0x0000000083e00000, 0x0000000083e00000, 0x0000000083f00000|  0%| F|  |TAMS 0x0000000083e00000| PB 0x0000000083e00000| Untracked 
|  63|0x0000000083f00000, 0x0000000083f00000, 0x0000000084000000|  0%| F|  |TAMS 0x0000000083f00000| PB 0x0000000083f00000| Untracked 
|  64|0x0000000084000000, 0x0000000084000000, 0x0000000084100000|  0%| F|  |TAMS 0x0000000084000000| PB 0x0000000084000000| Untracked 
|  65|0x0000000084100000, 0x0000000084100000, 0x0000000084200000|  0%| F|  |TAMS 0x0000000084100000| PB 0x0000000084100000| Untracked 
|  66|0x0000000084200000, 0x0000000084200000, 0x0000000084300000|  0%| F|  |TAMS 0x0000000084200000| PB 0x0000000084200000| Untracked 
|  67|0x0000000084300000, 0x0000000084300000, 0x0000000084400000|  0%| F|  |TAMS 0x0000000084300000| PB 0x0000000084300000| Untracked 
|  68|0x0000000084400000, 0x0000000084400000, 0x0000000084500000|  0%| F|  |TAMS 0x0000000084400000| PB 0x0000000084400000| Untracked 
|  69|0x0000000084500000, 0x0000000084500000, 0x0000000084600000|  0%| F|  |TAMS 0x0000000084500000| PB 0x0000000084500000| Untracked 
|  70|0x0000000084600000, 0x0000000084600000, 0x0000000084700000|  0%| F|  |TAMS 0x0000000084600000| PB 0x0000000084600000| Untracked 
|  71|0x0000000084700000, 0x0000000084700000, 0x0000000084800000|  0%| F|  |TAMS 0x0000000084700000| PB 0x0000000084700000| Untracked 
|  72|0x0000000084800000, 0x0000000084800000, 0x0000000084900000|  0%| F|  |TAMS 0x0000000084800000| PB 0x0000000084800000| Untracked 
|  73|0x0000000084900000, 0x0000000084900000, 0x0000000084a00000|  0%| F|  |TAMS 0x0000000084900000| PB 0x0000000084900000| Untracked 
|  74|0x0000000084a00000, 0x0000000084a00000, 0x0000000084b00000|  0%| F|  |TAMS 0x0000000084a00000| PB 0x0000000084a00000| Untracked 
|  75|0x0000000084b00000, 0x0000000084b00000, 0x0000000084c00000|  0%| F|  |TAMS 0x0000000084b00000| PB 0x0000000084b00000| Untracked 
|  76|0x0000000084c00000, 0x0000000084c00000, 0x0000000084d00000|  0%| F|  |TAMS 0x0000000084c00000| PB 0x0000000084c00000| Untracked 
|  77|0x0000000084d00000, 0x0000000084d00000, 0x0000000084e00000|  0%| F|  |TAMS 0x0000000084d00000| PB 0x0000000084d00000| Untracked 
|  78|0x0000000084e00000, 0x0000000084e00000, 0x0000000084f00000|  0%| F|  |TAMS 0x0000000084e00000| PB 0x0000000084e00000| Untracked 
| 239|0x000000008ef00000, 0x000000008ef00000, 0x000000008f000000|  0%| F|  |TAMS 0x000000008ef00000| PB 0x000000008ef00000| Untracked 
| 240|0x000000008f000000, 0x000000008f000000, 0x000000008f100000|  0%| F|  |TAMS 0x000000008f000000| PB 0x000000008f000000| Untracked 
| 241|0x000000008f100000, 0x000000008f100000, 0x000000008f200000|  0%| F|  |TAMS 0x000000008f100000| PB 0x000000008f100000| Untracked 
| 242|0x000000008f200000, 0x000000008f2300a0, 0x000000008f300000| 18%| E|  |TAMS 0x000000008f200000| PB 0x000000008f200000| Complete 
| 243|0x000000008f300000, 0x000000008f400000, 0x000000008f400000|100%| E|CS|TAMS 0x000000008f300000| PB 0x000000008f300000| Complete 
| 244|0x000000008f400000, 0x000000008f500000, 0x000000008f500000|100%| E|  |TAMS 0x000000008f400000| PB 0x000000008f400000| Complete 
| 245|0x000000008f500000, 0x000000008f600000, 0x000000008f600000|100%| E|CS|TAMS 0x000000008f500000| PB 0x000000008f500000| Complete 
| 246|0x000000008f600000, 0x000000008f700000, 0x000000008f700000|100%| E|CS|TAMS 0x000000008f600000| PB 0x000000008f600000| Complete 
| 247|0x000000008f700000, 0x000000008f800000, 0x000000008f800000|100%| E|CS|TAMS 0x000000008f700000| PB 0x000000008f700000| Complete 
| 248|0x000000008f800000, 0x000000008f900000, 0x000000008f900000|100%| E|CS|TAMS 0x000000008f800000| PB 0x000000008f800000| Complete 
| 251|0x000000008fb00000, 0x000000008fc00000, 0x000000008fc00000|100%| E|CS|TAMS 0x000000008fb00000| PB 0x000000008fb00000| Complete 

Card table byte_map: [0x0000021fdca80000,0x0000021fdce80000] _byte_map_base: 0x0000021fdc680000

Marking Bits: (CMBitMap*) 0x0000021fc9574f80
 Bits: [0x0000021fdce80000, 0x0000021fdee80000)

Polling page: 0x0000021fc7cf0000

Metaspace:

Usage:
  Non-class:     61.20 MB used.
      Class:      9.98 MB used.
       Both:     71.18 MB used.

Virtual space:
  Non-class space:       64.00 MB reserved,      62.06 MB ( 97%) committed,  1 nodes.
      Class space:        1.00 GB reserved,      10.75 MB (  1%) committed,  1 nodes.
             Both:        1.06 GB reserved,      72.81 MB (  7%) committed. 

Chunk freelists:
   Non-Class:  1.97 MB
       Class:  5.19 MB
        Both:  7.16 MB

MaxMetaspaceSize: unlimited
CompressedClassSpaceSize: 1.00 GB
Initial GC threshold: 21.00 MB
Current GC threshold: 121.38 MB
CDS: off
 - commit_granule_bytes: 65536.
 - commit_granule_words: 8192.
 - virtual_space_node_default_size: 8388608.
 - enlarge_chunks_in_place: 1.
 - use_allocation_guard: 0.


Internal statistics:

num_allocs_failed_limit: 6.
num_arena_births: 3312.
num_arena_deaths: 0.
num_vsnodes_births: 2.
num_vsnodes_deaths: 0.
num_space_committed: 1165.
num_space_uncommitted: 0.
num_chunks_returned_to_freelist: 6.
num_chunks_taken_from_freelist: 6348.
num_chunk_merges: 6.
num_chunk_splits: 4111.
num_chunks_enlarged: 2525.
num_inconsistent_stats: 0.

CodeHeap 'non-profiled nmethods': size=119168Kb used=3791Kb max_used=4005Kb free=115377Kb
 bounds [0x0000021fd4270000, 0x0000021fd4660000, 0x0000021fdb6d0000]
CodeHeap 'profiled nmethods': size=119104Kb used=14430Kb max_used=14777Kb free=104674Kb
 bounds [0x0000021fcc6d0000, 0x0000021fcd540000, 0x0000021fd3b20000]
CodeHeap 'non-nmethods': size=7488Kb used=4453Kb max_used=4486Kb free=3035Kb
 bounds [0x0000021fd3b20000, 0x0000021fd3f90000, 0x0000021fd4270000]
CodeCache: size=245760Kb, used=22674Kb, max_used=23268Kb, free=223086Kb
 total_blobs=8649, nmethods=7744, adapters=806, full_count=0
Compilation: enabled, stopped_count=0, restarted_count=0

Compilation events (20 events):
Event: 11.684 Thread 0x0000021fe20e7a30 nmethod 8833 0x0000021fcd520e10 code [0x0000021fcd521040, 0x0000021fcd521588]
Event: 11.691 Thread 0x0000021fe20e7a30 8835       1       org.gradle.internal.Deferrable$2::completeAndGet (5 bytes)
Event: 11.692 Thread 0x0000021fe8460210 nmethod 8834% 0x0000021fcd521890 code [0x0000021fcd521d00, 0x0000021fcd5244d0]
Event: 11.692 Thread 0x0000021fe20e7a30 nmethod 8835 0x0000021fd4657510 code [0x0000021fd46576a0, 0x0000021fd4657768]
Event: 11.698 Thread 0x0000021fe2940c50 nmethod 8774 0x0000021fd4657810 code [0x0000021fd4657a80, 0x0000021fd4658538]
Event: 11.698 Thread 0x0000021fe2940c50 8791       4       com.google.common.base.Preconditions::checkNotNull (18 bytes)
Event: 11.699 Thread 0x0000021fe2940c50 nmethod 8791 0x0000021fd4659010 code [0x0000021fd46591a0, 0x0000021fd4659228]
Event: 11.699 Thread 0x0000021fe2940c50 8776       4       java.util.function.Predicate$$Lambda/0x00000001002779a0::test (15 bytes)
Event: 11.715 Thread 0x0000021fe20e7a30 8836       3       java.util.Collections$2::characteristics (33 bytes)
Event: 11.716 Thread 0x0000021fe20e7a30 nmethod 8836 0x0000021fcd525d90 code [0x0000021fcd525f20, 0x0000021fcd526090]
Event: 11.723 Thread 0x0000021fea754d30 8837       1       java.util.Collections$2::estimateSize (5 bytes)
Event: 11.724 Thread 0x0000021fe229bf00 8838       3       org.gradle.api.internal.artifacts.transform.TransformExecutionResult$Builder$EntireInputArtifact::resolveForInputArtifact (2 bytes)
Event: 11.724 Thread 0x0000021fea754d30 nmethod 8837 0x0000021fd4659310 code [0x0000021fd46594a0, 0x0000021fd4659568]
Event: 11.724 Thread 0x0000021fe229bf00 nmethod 8838 0x0000021fcd526110 code [0x0000021fcd5262a0, 0x0000021fcd5263b0]
Event: 11.743 Thread 0x0000021fe229bf00 8839       3       org.gradle.internal.snapshot.ChildMap$Entry::withNode (22 bytes)
Event: 11.745 Thread 0x0000021fe229bf00 nmethod 8839 0x0000021fcd526490 code [0x0000021fcd5266e0, 0x0000021fcd526f98]
Event: 11.758 Thread 0x0000021fe20e7a30 8841       3       java.util.stream.Streams$RangeIntSpliterator::forEachRemaining (65 bytes)
Event: 11.761 Thread 0x0000021fea754d30 8842       3       org.gradle.api.internal.artifacts.transform.TransformExecutionResult$Builder$ProducedOutputOnlyResult$$Lambda/0x000000010085a4e8::resolveForInputArtifact (9 bytes)
Event: 11.761 Thread 0x0000021fe229bf00 8843       3       org.gradle.api.internal.artifacts.transform.TransformExecutionResult$Builder$ProducedOutputOnlyResult::lambda$resolveForWorkspace$1 (2 bytes)
Event: 11.761 Thread 0x0000021fe8460210 8845       3       org.gradle.api.internal.artifacts.transform.TransformExecutionResult$Builder$EntireInputArtifact::resolveForWorkspace (2 bytes)

GC Heap History (20 events):
Event: 4.040 GC heap after
{Heap after GC invocations=11 (full 0):
 garbage-first heap   total 71680K, used 31563K [0x0000000080000000, 0x0000000100000000)
  region size 1024K, 3 young (3072K), 3 survivors (3072K)
 Metaspace       used 44374K, committed 45312K, reserved 1114112K
  class space    used 6048K, committed 6464K, reserved 1048576K
}
Event: 4.138 GC heap before
{Heap before GC invocations=11 (full 0):
 garbage-first heap   total 71680K, used 41803K [0x0000000080000000, 0x0000000100000000)
  region size 1024K, 12 young (12288K), 3 survivors (3072K)
 Metaspace       used 45201K, committed 46144K, reserved 1114112K
  class space    used 6178K, committed 6592K, reserved 1048576K
}
Event: 4.142 GC heap after
{Heap after GC invocations=12 (full 0):
 garbage-first heap   total 71680K, used 34033K [0x0000000080000000, 0x0000000100000000)
  region size 1024K, 1 young (1024K), 1 survivors (1024K)
 Metaspace       used 45201K, committed 46144K, reserved 1114112K
  class space    used 6178K, committed 6592K, reserved 1048576K
}
Event: 4.642 GC heap before
{Heap before GC invocations=13 (full 0):
 garbage-first heap   total 71680K, used 65777K [0x0000000080000000, 0x0000000100000000)
  region size 1024K, 30 young (30720K), 1 survivors (1024K)
 Metaspace       used 49346K, committed 50560K, reserved 1114112K
  class space    used 6752K, committed 7360K, reserved 1048576K
}
Event: 4.645 GC heap after
{Heap after GC invocations=14 (full 0):
 garbage-first heap   total 92160K, used 34197K [0x0000000080000000, 0x0000000100000000)
  region size 1024K, 4 young (4096K), 4 survivors (4096K)
 Metaspace       used 49346K, committed 50560K, reserved 1114112K
  class space    used 6752K, committed 7360K, reserved 1048576K
}
Event: 5.209 GC heap before
{Heap before GC invocations=14 (full 0):
 garbage-first heap   total 92160K, used 78229K [0x0000000080000000, 0x0000000100000000)
  region size 1024K, 48 young (49152K), 4 survivors (4096K)
 Metaspace       used 55227K, committed 56576K, reserved 1114112K
  class space    used 7742K, committed 8384K, reserved 1048576K
}
Event: 5.213 GC heap after
{Heap after GC invocations=15 (full 0):
 garbage-first heap   total 92160K, used 36183K [0x0000000080000000, 0x0000000100000000)
  region size 1024K, 6 young (6144K), 6 survivors (6144K)
 Metaspace       used 55227K, committed 56576K, reserved 1114112K
  class space    used 7742K, committed 8384K, reserved 1048576K
}
Event: 5.692 GC heap before
{Heap before GC invocations=15 (full 0):
 garbage-first heap   total 92160K, used 56663K [0x0000000080000000, 0x0000000100000000)
  region size 1024K, 28 young (28672K), 6 survivors (6144K)
 Metaspace       used 56978K, committed 58496K, reserved 1114112K
  class space    used 8000K, committed 8704K, reserved 1048576K
}
Event: 5.696 GC heap after
{Heap after GC invocations=16 (full 0):
 garbage-first heap   total 92160K, used 39890K [0x0000000080000000, 0x0000000100000000)
  region size 1024K, 6 young (6144K), 6 survivors (6144K)
 Metaspace       used 56978K, committed 58496K, reserved 1114112K
  class space    used 8000K, committed 8704K, reserved 1048576K
}
Event: 6.146 GC heap before
{Heap before GC invocations=17 (full 0):
 garbage-first heap   total 92160K, used 81874K [0x0000000080000000, 0x0000000100000000)
  region size 1024K, 45 young (46080K), 6 survivors (6144K)
 Metaspace       used 59844K, committed 61312K, reserved 1114112K
  class space    used 8334K, committed 9024K, reserved 1048576K
}
Event: 6.149 GC heap after
{Heap after GC invocations=18 (full 0):
 garbage-first heap   total 92160K, used 40803K [0x0000000080000000, 0x0000000100000000)
  region size 1024K, 2 young (2048K), 2 survivors (2048K)
 Metaspace       used 59844K, committed 61312K, reserved 1114112K
  class space    used 8334K, committed 9024K, reserved 1048576K
}
Event: 6.835 GC heap before
{Heap before GC invocations=18 (full 0):
 garbage-first heap   total 92160K, used 80739K [0x0000000080000000, 0x0000000100000000)
  region size 1024K, 41 young (41984K), 2 survivors (2048K)
 Metaspace       used 65679K, committed 67200K, reserved 1114112K
  class space    used 9190K, committed 9920K, reserved 1048576K
}
Event: 6.837 GC heap after
{Heap after GC invocations=19 (full 0):
 garbage-first heap   total 92160K, used 42655K [0x0000000080000000, 0x0000000100000000)
  region size 1024K, 3 young (3072K), 3 survivors (3072K)
 Metaspace       used 65679K, committed 67200K, reserved 1114112K
  class space    used 9190K, committed 9920K, reserved 1048576K
}
Event: 7.657 GC heap before
{Heap before GC invocations=19 (full 0):
 garbage-first heap   total 92160K, used 82591K [0x0000000080000000, 0x0000000100000000)
  region size 1024K, 42 young (43008K), 3 survivors (3072K)
 Metaspace       used 70590K, committed 72320K, reserved 1114112K
  class space    used 10004K, committed 10816K, reserved 1048576K
}
Event: 7.661 GC heap after
{Heap after GC invocations=20 (full 0):
 garbage-first heap   total 92160K, used 44467K [0x0000000080000000, 0x0000000100000000)
  region size 1024K, 5 young (5120K), 5 survivors (5120K)
 Metaspace       used 70590K, committed 72320K, reserved 1114112K
  class space    used 10004K, committed 10816K, reserved 1048576K
}
Event: 10.518 GC heap before
{Heap before GC invocations=21 (full 0):
 garbage-first heap   total 92160K, used 80307K [0x0000000080000000, 0x0000000100000000)
  region size 1024K, 41 young (41984K), 5 survivors (5120K)
 Metaspace       used 72477K, committed 74176K, reserved 1114112K
  class space    used 10215K, committed 11008K, reserved 1048576K
}
Event: 10.523 GC heap after
{Heap after GC invocations=22 (full 0):
 garbage-first heap   total 92160K, used 48768K [0x0000000080000000, 0x0000000100000000)
  region size 1024K, 6 young (6144K), 6 survivors (6144K)
 Metaspace       used 72477K, committed 74176K, reserved 1114112K
  class space    used 10215K, committed 11008K, reserved 1048576K
}
Event: 10.650 GC heap before
{Heap before GC invocations=22 (full 0):
 garbage-first heap   total 92160K, used 79488K [0x0000000080000000, 0x0000000100000000)
  region size 1024K, 37 young (37888K), 6 survivors (6144K)
 Metaspace       used 72822K, committed 74496K, reserved 1114112K
  class space    used 10215K, committed 11008K, reserved 1048576K
}
Event: 10.654 GC heap after
{Heap after GC invocations=23 (full 0):
 garbage-first heap   total 92160K, used 50765K [0x0000000080000000, 0x0000000100000000)
  region size 1024K, 4 young (4096K), 4 survivors (4096K)
 Metaspace       used 72822K, committed 74496K, reserved 1114112K
  class space    used 10215K, committed 11008K, reserved 1048576K
}
Event: 14.773 GC heap before
{Heap before GC invocations=23 (full 0):
 garbage-first heap   total 92160K, used 80461K [0x0000000080000000, 0x0000000100000000)
  region size 1024K, 34 young (34816K), 4 survivors (4096K)
 Metaspace       used 72869K, committed 74560K, reserved 1114112K
  class space    used 10218K, committed 11008K, reserved 1048576K
}

Dll operation events (3 events):
Event: 0.009 Loaded shared library D:\Applications\Android Studio\jbr\bin\java.dll
Event: 0.014 Loaded shared library D:\Applications\Android Studio\jbr\bin\zip.dll
Event: 0.436 Loaded shared library D:\Applications\Android Studio\jbr\bin\verify.dll

Deoptimization events (20 events):
Event: 11.677 Thread 0x0000021fea536a80 Uncommon trap: trap_request=0xffffffde fr.pc=0x0000021fd442fd98 relative=0x00000000000002d8
Event: 11.677 Thread 0x0000021fe9a6c5d0 Uncommon trap: trap_request=0xffffffde fr.pc=0x0000021fd442fd98 relative=0x00000000000002d8
Event: 11.677 Thread 0x0000021fe9a6f3c0 Uncommon trap: reason=class_check action=maybe_recompile pc=0x0000021fd442fd98 method=java.util.concurrent.ConcurrentHashMap.get(Ljava/lang/Object;)Ljava/lang/Object; @ 93 c2
Event: 11.677 Thread 0x0000021fe9a6e6a0 Uncommon trap: trap_request=0xffffffde fr.pc=0x0000021fd442fd98 relative=0x00000000000002d8
Event: 11.677 Thread 0x0000021fe9a6f3c0 DEOPT PACKING pc=0x0000021fd442fd98 sp=0x000000dfa4efdde0
Event: 11.677 Thread 0x0000021fe9a6c5d0 Uncommon trap: reason=class_check action=maybe_recompile pc=0x0000021fd442fd98 method=java.util.concurrent.ConcurrentHashMap.get(Ljava/lang/Object;)Ljava/lang/Object; @ 93 c2
Event: 11.677 Thread 0x0000021fe9a6c5d0 DEOPT PACKING pc=0x0000021fd442fd98 sp=0x000000dfa4cfe1d0
Event: 11.677 Thread 0x0000021fea536a80 Uncommon trap: reason=class_check action=maybe_recompile pc=0x0000021fd442fd98 method=java.util.concurrent.ConcurrentHashMap.get(Ljava/lang/Object;)Ljava/lang/Object; @ 93 c2
Event: 11.677 Thread 0x0000021fe9a6e6a0 Uncommon trap: reason=class_check action=maybe_recompile pc=0x0000021fd442fd98 method=java.util.concurrent.ConcurrentHashMap.get(Ljava/lang/Object;)Ljava/lang/Object; @ 93 c2
Event: 11.677 Thread 0x0000021fea536a80 DEOPT PACKING pc=0x0000021fd442fd98 sp=0x000000dfa48fdcf0
Event: 11.677 Thread 0x0000021fe9a6f3c0 DEOPT UNPACKING pc=0x0000021fd3b746a2 sp=0x000000dfa4efdd48 mode 2
Event: 11.677 Thread 0x0000021fe9a6e6a0 DEOPT PACKING pc=0x0000021fd442fd98 sp=0x000000dfa50fdce0
Event: 11.677 Thread 0x0000021fe9a6c5d0 DEOPT UNPACKING pc=0x0000021fd3b746a2 sp=0x000000dfa4cfe138 mode 2
Event: 11.677 Thread 0x0000021fe9a6e6a0 DEOPT UNPACKING pc=0x0000021fd3b746a2 sp=0x000000dfa50fdc48 mode 2
Event: 11.677 Thread 0x0000021fe9a6fa50 DEOPT UNPACKING pc=0x0000021fd3b746a2 sp=0x000000dfa52fdeb8 mode 2
Event: 11.677 Thread 0x0000021fea536a80 DEOPT UNPACKING pc=0x0000021fd3b746a2 sp=0x000000dfa48fdc58 mode 2
Event: 11.677 Thread 0x0000021fe9a6bf40 Uncommon trap: trap_request=0xffffff45 fr.pc=0x0000021fd434f160 relative=0x0000000000000fc0
Event: 11.678 Thread 0x0000021fe9a6bf40 Uncommon trap: reason=unstable_if action=reinterpret pc=0x0000021fd434f160 method=java.util.concurrent.ConcurrentHashMap.transfer([Ljava/util/concurrent/ConcurrentHashMap$Node;[Ljava/util/concurrent/ConcurrentHashMap$Node;)V @ 347 c2
Event: 11.678 Thread 0x0000021fe9a6bf40 DEOPT PACKING pc=0x0000021fd434f160 sp=0x000000dfa4ffdd60
Event: 11.678 Thread 0x0000021fe9a6bf40 DEOPT UNPACKING pc=0x0000021fd3b746a2 sp=0x000000dfa4ffdcc0 mode 2

Classes loaded (20 events):
Event: 7.650 Loading class jdk/internal/access/JavaObjectInputFilterAccess
Event: 7.650 Loading class jdk/internal/access/JavaObjectInputFilterAccess done
Event: 7.650 Loading class java/lang/System$Logger$Level
Event: 7.650 Loading class java/lang/System$Logger$Level done
Event: 7.650 Loading class jdk/internal/event/DeserializationEvent
Event: 7.651 Loading class jdk/internal/event/DeserializationEvent done
Event: 7.651 Loading class java/io/ObjectInputStream$FieldValues
Event: 7.651 Loading class java/io/ObjectInputStream$GetField
Event: 7.651 Loading class java/io/ObjectInputStream$GetField done
Event: 7.651 Loading class java/io/ObjectInputStream$FieldValues done
Event: 9.084 Loading class java/util/Collections$ReverseComparator
Event: 9.084 Loading class java/util/Collections$ReverseComparator done
Event: 9.084 Loading class java/util/Collections$ReverseComparator2
Event: 9.085 Loading class java/util/Collections$ReverseComparator2 done
Event: 10.632 Loading class java/lang/foreign/MemorySegment
Event: 10.633 Loading class java/lang/foreign/MemorySegment done
Event: 11.551 Loading class java/util/concurrent/LinkedBlockingDeque$Itr
Event: 11.661 Loading class java/util/concurrent/LinkedBlockingDeque$AbstractItr
Event: 11.661 Loading class java/util/concurrent/LinkedBlockingDeque$AbstractItr done
Event: 11.661 Loading class java/util/concurrent/LinkedBlockingDeque$Itr done

Classes unloaded (0 events):
No events

Classes redefined (0 events):
No events

Internal exceptions (20 events):
Event: 7.098 Thread 0x0000021fe25cffd0 Exception <a 'java/lang/ClassNotFoundException'{0x000000008478b410}: org/gradle/internal/serialize/codecs/core/ClosureCodec$BrokenScriptCustomizer> (0x000000008478b410) 
thrown [s\src\hotspot\share\classfile\systemDictionary.cpp, line 312]
Event: 7.099 Thread 0x0000021fe25cffd0 Exception <a 'java/lang/ClassNotFoundException'{0x00000000847a5488}: org/gradle/api/invocation/GradleBeanInfo> (0x00000000847a5488) 
thrown [s\src\hotspot\share\classfile\systemDictionary.cpp, line 312]
Event: 7.099 Thread 0x0000021fe25cffd0 Exception <a 'java/lang/ClassNotFoundException'{0x00000000847b1498}: org/gradle/api/invocation/GradleCustomizer> (0x00000000847b1498) 
thrown [s\src\hotspot\share\classfile\systemDictionary.cpp, line 312]
Event: 7.100 Thread 0x0000021fe25cffd0 Exception <a 'java/lang/NoSuchMethodError'{0x00000000847d3a78}: 'void java.lang.invoke.Invokers$Holder.invokeExact_MT(java.lang.Object, java.lang.Object, int, java.lang.Object)'> (0x00000000847d3a78) 
thrown [s\src\hotspot\share\interpreter\linkResolver.cpp, line 784]
Event: 7.104 Thread 0x0000021fe25cffd0 Exception <a 'java/lang/NoSuchMethodError'{0x0000000084605558}: 'void java.lang.invoke.Invokers$Holder.invokeExact_MT(java.lang.Object, java.lang.Object, long, java.lang.Object)'> (0x0000000084605558) 
thrown [s\src\hotspot\share\interpreter\linkResolver.cpp, line 784]
Event: 7.254 Thread 0x0000021fe25cffd0 Exception <a 'java/lang/NoSuchMethodError'{0x0000000083f05178}: 'long java.lang.invoke.DirectMethodHandle$Holder.invokeStatic(java.lang.Object, long)'> (0x0000000083f05178) 
thrown [s\src\hotspot\share\interpreter\linkResolver.cpp, line 784]
Event: 7.311 Thread 0x0000021fe25cffd0 Implicit null exception at 0x0000021fd452c343 to 0x0000021fd452c67c
Event: 7.401 Thread 0x0000021fe25cffd0 Exception <a 'java/lang/NoSuchMethodError'{0x0000000083ba36e0}: 'java.lang.Object java.lang.invoke.DirectMethodHandle$Holder.invokeVirtual(java.lang.Object, java.lang.Object, java.lang.Object, java.lang.Object, java.lang.Object, java.lang.Object, java.lang.Object, java.lang.Object, java.lang.Object, java.lang.Object, java.lang.Object, java.lang.Object, java.lang.Object, java.lang.Object, java.lang.Object, java.lang.Object, java.lang.Object)'> (0x0000000083ba36e0) 
thrown [s\src\hotspot\share\interpreter\li
Event: 7.401 Thread 0x0000021fe25cffd0 Exception <a 'java/lang/NoSuchMethodError'{0x0000000083ba95b0}: 'java.lang.Object java.lang.invoke.DirectMethodHandle$Holder.invokeSpecial(java.lang.Object, java.lang.Object, java.lang.Object, java.lang.Object, java.lang.Object, java.lang.Object, java.lang.Object, java.lang.Object, java.lang.Object, java.lang.Object, java.lang.Object, java.lang.Object, java.lang.Object, java.lang.Object, java.lang.Object, java.lang.Object, java.lang.Object, java.lang.Object)'> (0x0000000083ba95b0) 
thrown [s\src\hotspot\sh
Event: 7.401 Thread 0x0000021fe25cffd0 Exception <a 'java/lang/NoSuchMethodError'{0x0000000083baeb08}: 'java.lang.Object java.lang.invoke.DelegatingMethodHandle$Holder.reinvoke_L(java.lang.Object, java.lang.Object, java.lang.Object, java.lang.Object, java.lang.Object, java.lang.Object, java.lang.Object, java.lang.Object, java.lang.Object, java.lang.Object, java.lang.Object, java.lang.Object, java.lang.Object, java.lang.Object, java.lang.Object, java.lang.Object, java.lang.Object)'> (0x0000000083baeb08) 
thrown [s\src\hotspot\share\interpreter\l
Event: 7.620 Thread 0x0000021fe25cffd0 Exception <a 'java/lang/NoSuchMethodError'{0x0000000083436f98}: static Lorg/gradle/api/internal/catalog/DefaultVersionCatalog;.<clinit>()V> (0x0000000083436f98) 
thrown [s\src\hotspot\share\prims\jni.cpp, line 1144]
Event: 7.625 Thread 0x0000021fe25cffd0 Exception <a 'java/lang/NoSuchMethodError'{0x000000008346e948}: static [Ljava/lang/Object;.<clinit>()V> (0x000000008346e948) 
thrown [s\src\hotspot\share\prims\jni.cpp, line 1144]
Event: 7.627 Thread 0x0000021fe25cffd0 Exception <a 'java/lang/NoSuchMethodError'{0x0000000083496078}: static Lorg/gradle/api/internal/catalog/DependencyModel;.<clinit>()V> (0x0000000083496078) 
thrown [s\src\hotspot\share\prims\jni.cpp, line 1144]
Event: 7.627 Thread 0x0000021fe25cffd0 Exception <a 'java/lang/NoSuchMethodError'{0x0000000083499d60}: static Lorg/gradle/api/internal/catalog/AbstractContextAwareModel;.<clinit>()V> (0x0000000083499d60) 
thrown [s\src\hotspot\share\prims\jni.cpp, line 1144]
Event: 7.631 Thread 0x0000021fe25cffd0 Exception <a 'java/lang/NoSuchMethodError'{0x00000000834b3598}: static Lorg/gradle/api/internal/artifacts/dependencies/AbstractVersionConstraint;.<clinit>()V> (0x00000000834b3598) 
thrown [s\src\hotspot\share\prims\jni.cpp, line 1144]
Event: 7.644 Thread 0x0000021fe25cffd0 Exception <a 'java/lang/NoSuchMethodError'{0x0000000083365140}: static Lorg/gradle/api/internal/catalog/PluginModel;.<clinit>()V> (0x0000000083365140) 
thrown [s\src\hotspot\share\prims\jni.cpp, line 1144]
Event: 7.645 Thread 0x0000021fe25cffd0 Exception <a 'java/lang/NoSuchMethodError'{0x000000008337c988}: static Lorg/gradle/api/internal/catalog/VersionModel;.<clinit>()V> (0x000000008337c988) 
thrown [s\src\hotspot\share\prims\jni.cpp, line 1144]
Event: 7.661 Thread 0x0000021fe208db60 Implicit null exception at 0x0000021fd448e42f to 0x0000021fd448e814
Event: 7.738 Thread 0x0000021fe25cffd0 Exception <a 'java/lang/NoSuchMethodError'{0x000000008f6411f8}: 'int java.lang.invoke.DirectMethodHandle$Holder.invokeSpecialIFC(java.lang.Object, java.lang.Object, java.lang.Object)'> (0x000000008f6411f8) 
thrown [s\src\hotspot\share\interpreter\linkResolver.cpp, line 784]
Event: 7.784 Thread 0x0000021fe25cffd0 Exception <a 'java/lang/NoSuchMethodError'{0x000000008f3b3378}: 'void java.lang.invoke.DirectMethodHandle$Holder.invokeStatic(java.lang.Object, java.lang.Object, java.lang.Object, int, java.lang.Object)'> (0x000000008f3b3378) 
thrown [s\src\hotspot\share\interpreter\linkResolver.cpp, line 784]

ZGC Phase Switch (0 events):
No events

VM Operations (20 events):
Event: 7.696 Executing VM operation: G1PauseCleanup done
Event: 8.708 Executing VM operation: Cleanup
Event: 9.004 Executing VM operation: Cleanup done
Event: 9.193 Executing VM operation: HandshakeAllThreads (Deoptimize)
Event: 9.193 Executing VM operation: HandshakeAllThreads (Deoptimize) done
Event: 9.332 Executing VM operation: ICBufferFull
Event: 9.333 Executing VM operation: ICBufferFull done
Event: 10.344 Executing VM operation: Cleanup
Event: 10.345 Executing VM operation: Cleanup done
Event: 10.478 Executing VM operation: ICBufferFull
Event: 10.478 Executing VM operation: ICBufferFull done
Event: 10.518 Executing VM operation: G1CollectForAllocation (G1 Evacuation Pause)
Event: 10.523 Executing VM operation: G1CollectForAllocation (G1 Evacuation Pause) done
Event: 10.601 Executing VM operation: ICBufferFull
Event: 10.601 Executing VM operation: ICBufferFull done
Event: 10.650 Executing VM operation: G1CollectForAllocation (G1 Evacuation Pause)
Event: 10.654 Executing VM operation: G1CollectForAllocation (G1 Evacuation Pause) done
Event: 11.659 Executing VM operation: Cleanup
Event: 11.660 Executing VM operation: Cleanup done
Event: 11.814 Executing VM operation: G1CollectForAllocation (G1 Evacuation Pause)

Memory protections (0 events):
No events

Nmethod flushes (20 events):
Event: 7.685 Thread 0x0000021fe1fe73b0 flushing  nmethod 0x0000021fcc6d6910
Event: 7.685 Thread 0x0000021fe1fe73b0 flushing  nmethod 0x0000021fcc725b10
Event: 7.685 Thread 0x0000021fe1fe73b0 flushing  nmethod 0x0000021fcc7d9590
Event: 7.685 Thread 0x0000021fe1fe73b0 flushing  nmethod 0x0000021fcc84ae10
Event: 7.685 Thread 0x0000021fe1fe73b0 flushing  nmethod 0x0000021fcc84be90
Event: 7.685 Thread 0x0000021fe1fe73b0 flushing  nmethod 0x0000021fcc84e110
Event: 7.685 Thread 0x0000021fe1fe73b0 flushing  nmethod 0x0000021fcc851790
Event: 7.685 Thread 0x0000021fe1fe73b0 flushing  nmethod 0x0000021fcc89b710
Event: 7.685 Thread 0x0000021fe1fe73b0 flushing  nmethod 0x0000021fcc89c710
Event: 7.685 Thread 0x0000021fe1fe73b0 flushing  nmethod 0x0000021fcc89f410
Event: 7.685 Thread 0x0000021fe1fe73b0 flushing  nmethod 0x0000021fcc93ff10
Event: 7.685 Thread 0x0000021fe1fe73b0 flushing  nmethod 0x0000021fccb6fa10
Event: 7.685 Thread 0x0000021fe1fe73b0 flushing  nmethod 0x0000021fccd13f90
Event: 7.685 Thread 0x0000021fe1fe73b0 flushing  nmethod 0x0000021fccd14e10
Event: 7.685 Thread 0x0000021fe1fe73b0 flushing  nmethod 0x0000021fccd15410
Event: 7.685 Thread 0x0000021fe1fe73b0 flushing  nmethod 0x0000021fccd1a590
Event: 7.685 Thread 0x0000021fe1fe73b0 flushing  nmethod 0x0000021fccd1b410
Event: 7.685 Thread 0x0000021fe1fe73b0 flushing  nmethod 0x0000021fccd1b990
Event: 7.685 Thread 0x0000021fe1fe73b0 flushing  nmethod 0x0000021fccd1ca10
Event: 7.685 Thread 0x0000021fe1fe73b0 flushing  nmethod 0x0000021fcced9110

Events (20 events):
Event: 10.404 Thread 0x0000021fe25cffd0 Thread added: 0x0000021fea534320
Event: 10.408 Thread 0x0000021fe25cffd0 Thread added: 0x0000021fea5356d0
Event: 10.411 Thread 0x0000021fe25cffd0 Thread added: 0x0000021fea535d60
Event: 10.412 Thread 0x0000021fe25cffd0 Thread added: 0x0000021fea5363f0
Event: 10.575 Thread 0x0000021fe25cffd0 Thread added: 0x0000021fea536a80
Event: 10.575 Thread 0x0000021fe25cffd0 Thread added: 0x0000021fe2809de0
Event: 10.575 Thread 0x0000021fe25cffd0 Thread added: 0x0000021fe9a6b8b0
Event: 10.576 Thread 0x0000021fe25cffd0 Thread added: 0x0000021fe9a6d980
Event: 10.576 Thread 0x0000021fe25cffd0 Thread added: 0x0000021fe9a6c5d0
Event: 10.576 Thread 0x0000021fe25cffd0 Thread added: 0x0000021fe9a6e010
Event: 10.576 Thread 0x0000021fe25cffd0 Thread added: 0x0000021fe9a6f3c0
Event: 10.576 Thread 0x0000021fe25cffd0 Thread added: 0x0000021fe9a6bf40
Event: 10.576 Thread 0x0000021fe25cffd0 Thread added: 0x0000021fe9a6e6a0
Event: 10.577 Thread 0x0000021fe25cffd0 Thread added: 0x0000021fe9a6ed30
Event: 10.577 Thread 0x0000021fe25cffd0 Thread added: 0x0000021fe9a6fa50
Event: 10.577 Thread 0x0000021fe25cffd0 Thread added: 0x0000021fe9a700e0
Event: 10.577 Thread 0x0000021fe25cffd0 Thread added: 0x0000021fe9a6cc60
Event: 10.577 Thread 0x0000021fe25cffd0 Thread added: 0x0000021fe9a70770
Event: 10.578 Thread 0x0000021fe25cffd0 Thread added: 0x0000021fe9a6d2f0
Event: 10.649 Thread 0x0000021fe8460210 Thread added: 0x0000021fe2940c50


Dynamic libraries:
0x00007ff6b00e0000 - 0x00007ff6b00ea000 	D:\Applications\Android Studio\jbr\bin\java.exe
0x00007ff83ff40000 - 0x00007ff8401a8000 	C:\WINDOWS\SYSTEM32\ntdll.dll
0x00007ff83e3e0000 - 0x00007ff83e4a9000 	C:\WINDOWS\System32\KERNEL32.DLL
0x00007ff83d0d0000 - 0x00007ff83d4c2000 	C:\WINDOWS\System32\KERNELBASE.dll
0x00007ff83d9a0000 - 0x00007ff83daeb000 	C:\WINDOWS\System32\ucrtbase.dll
0x00007ff821b60000 - 0x00007ff821b7b000 	D:\Applications\Android Studio\jbr\bin\VCRUNTIME140.dll
0x00007ff821b90000 - 0x00007ff821ba8000 	D:\Applications\Android Studio\jbr\bin\jli.dll
0x00007ff83e130000 - 0x00007ff83e2f5000 	C:\WINDOWS\System32\USER32.dll
0x00007ff83d690000 - 0x00007ff83d6b7000 	C:\WINDOWS\System32\win32u.dll
0x00007ff817c40000 - 0x00007ff817ed3000 	C:\WINDOWS\WinSxS\amd64_microsoft.windows.common-controls_6595b64144ccf1df_6.0.26100.6899_none_3e0efeeae32e88c1\COMCTL32.dll
0x00007ff83f3b0000 - 0x00007ff83f3db000 	C:\WINDOWS\System32\GDI32.dll
0x00007ff83e900000 - 0x00007ff83e9a9000 	C:\WINDOWS\System32\msvcrt.dll
0x00007ff83d4d0000 - 0x00007ff83d5fd000 	C:\WINDOWS\System32\gdi32full.dll
0x00007ff83d780000 - 0x00007ff83d823000 	C:\WINDOWS\System32\msvcp_win.dll
0x00007ff83e4b0000 - 0x00007ff83e4df000 	C:\WINDOWS\System32\IMM32.DLL
0x00007ff821b80000 - 0x00007ff821b8c000 	D:\Applications\Android Studio\jbr\bin\vcruntime140_1.dll
0x00007fffb2d90000 - 0x00007fffb2e1d000 	D:\Applications\Android Studio\jbr\bin\msvcp140.dll
0x00007fff80af0000 - 0x00007fff81786000 	D:\Applications\Android Studio\jbr\bin\server\jvm.dll
0x00007ff83e320000 - 0x00007ff83e3d4000 	C:\WINDOWS\System32\ADVAPI32.dll
0x00007ff83f170000 - 0x00007ff83f216000 	C:\WINDOWS\System32\sechost.dll
0x00007ff83f8a0000 - 0x00007ff83f9b8000 	C:\WINDOWS\System32\RPCRT4.dll
0x00007ff83f9c0000 - 0x00007ff83fa34000 	C:\WINDOWS\System32\WS2_32.dll
0x00007ff83cef0000 - 0x00007ff83cf4e000 	C:\WINDOWS\SYSTEM32\POWRPROF.dll
0x00007ff82c9f0000 - 0x00007ff82c9fb000 	C:\WINDOWS\SYSTEM32\VERSION.dll
0x00007ff83a380000 - 0x00007ff83a3b5000 	C:\WINDOWS\SYSTEM32\WINMM.dll
0x00007ff83ced0000 - 0x00007ff83cee4000 	C:\WINDOWS\SYSTEM32\UMPDC.dll
0x00007ff83be60000 - 0x00007ff83be7b000 	C:\WINDOWS\SYSTEM32\kernel.appcore.dll
0x00007ff821b50000 - 0x00007ff821b5a000 	D:\Applications\Android Studio\jbr\bin\jimage.dll
0x00007ff83a840000 - 0x00007ff83aa82000 	C:\WINDOWS\SYSTEM32\DBGHELP.DLL
0x00007ff83e580000 - 0x00007ff83e8fb000 	C:\WINDOWS\System32\combase.dll
0x00007ff83f2d0000 - 0x00007ff83f3a7000 	C:\WINDOWS\System32\OLEAUT32.dll
0x00007ff828da0000 - 0x00007ff828ddc000 	C:\WINDOWS\SYSTEM32\dbgcore.DLL
0x00007ff83daf0000 - 0x00007ff83db88000 	C:\WINDOWS\System32\bcryptPrimitives.dll
0x00007ff8204d0000 - 0x00007ff8204de000 	D:\Applications\Android Studio\jbr\bin\instrument.dll
0x00007ff8218a0000 - 0x00007ff8218c0000 	D:\Applications\Android Studio\jbr\bin\java.dll
0x00007ff821880000 - 0x00007ff821898000 	D:\Applications\Android Studio\jbr\bin\zip.dll
0x00007ff83e9b0000 - 0x00007ff83f0fd000 	C:\WINDOWS\System32\SHELL32.dll
0x00007ff83d830000 - 0x00007ff83d99b000 	C:\WINDOWS\System32\wintypes.dll
0x00007ff83acb0000 - 0x00007ff83b50d000 	C:\WINDOWS\SYSTEM32\windows.storage.dll
0x00007ff83e030000 - 0x00007ff83e122000 	C:\WINDOWS\System32\SHCORE.dll
0x00007ff83f100000 - 0x00007ff83f162000 	C:\WINDOWS\System32\shlwapi.dll
0x00007ff83cfb0000 - 0x00007ff83cfd9000 	C:\WINDOWS\SYSTEM32\profapi.dll
0x00007ff821b40000 - 0x00007ff821b50000 	D:\Applications\Android Studio\jbr\bin\net.dll
0x00007ff82cfe0000 - 0x00007ff82d0ff000 	C:\WINDOWS\SYSTEM32\WINHTTP.dll
0x00007ff83c3d0000 - 0x00007ff83c43b000 	C:\WINDOWS\system32\mswsock.dll
0x00007ff821860000 - 0x00007ff821876000 	D:\Applications\Android Studio\jbr\bin\nio.dll
0x00007ff8205c0000 - 0x00007ff8205d0000 	D:\Applications\Android Studio\jbr\bin\verify.dll
0x00007ff820570000 - 0x00007ff820597000 	C:\Users\DELL\.gradle\native\1def1411415f61bf3af743bc5b6707747c0891f09f0c88961ee8f79bc544acac\windows-amd64\native-platform.dll
0x00007fffc7af0000 - 0x00007fffc7b68000 	C:\Users\DELL\.gradle\native\0.2.7\x86_64-windows-gnu\gradle-fileevents.dll
0x00007ff8214a0000 - 0x00007ff8214a9000 	D:\Applications\Android Studio\jbr\bin\management.dll
0x00007ff821490000 - 0x00007ff82149b000 	D:\Applications\Android Studio\jbr\bin\management_ext.dll
0x00007ff83e570000 - 0x00007ff83e578000 	C:\WINDOWS\System32\PSAPI.DLL
0x00007ff83b8f0000 - 0x00007ff83b924000 	C:\WINDOWS\SYSTEM32\IPHLPAPI.DLL
0x00007ff83e300000 - 0x00007ff83e30a000 	C:\WINDOWS\System32\NSI.dll
0x00007ff821500000 - 0x00007ff821509000 	D:\Applications\Android Studio\jbr\bin\extnet.dll
0x00007ff83c680000 - 0x00007ff83c69b000 	C:\WINDOWS\SYSTEM32\CRYPTSP.dll
0x00007ff83bdc0000 - 0x00007ff83bdfb000 	C:\WINDOWS\system32\rsaenh.dll
0x00007ff83c470000 - 0x00007ff83c49b000 	C:\WINDOWS\SYSTEM32\USERENV.dll
0x00007ff83cf80000 - 0x00007ff83cfa6000 	C:\WINDOWS\SYSTEM32\bcrypt.dll
0x00007ff83c6a0000 - 0x00007ff83c6ac000 	C:\WINDOWS\SYSTEM32\CRYPTBASE.dll
0x00007fffce080000 - 0x00007fffce088000 	C:\WINDOWS\system32\wshunix.dll

JVMTI agents:
C:\Users\DELL\.gradle\wrapper\dists\gradle-8.13-bin\5xuhj0ry160q40clulazy9h7d\gradle-8.13\lib\agents\gradle-instrumentation-agent-8.13.jar path:D:\Applications\Android Studio\jbr\bin\instrument.dll, loaded, initialized, instrumentlib options:none

dbghelp: loaded successfully - version: 4.0.5 - missing functions: none
symbol engine: initialized successfully - sym options: 0x614 - pdb path: .;D:\Applications\Android Studio\jbr\bin;C:\WINDOWS\SYSTEM32;C:\WINDOWS\WinSxS\amd64_microsoft.windows.common-controls_6595b64144ccf1df_6.0.26100.6899_none_3e0efeeae32e88c1;D:\Applications\Android Studio\jbr\bin\server;C:\Users\DELL\.gradle\native\1def1411415f61bf3af743bc5b6707747c0891f09f0c88961ee8f79bc544acac\windows-amd64;C:\Users\DELL\.gradle\native\0.2.7\x86_64-windows-gnu

VM Arguments:
jvm_args: --add-opens=java.base/java.lang=ALL-UNNAMED --add-opens=java.base/java.lang.invoke=ALL-UNNAMED --add-opens=java.base/java.util=ALL-UNNAMED --add-opens=java.prefs/java.util.prefs=ALL-UNNAMED --add-exports=jdk.compiler/com.sun.tools.javac.api=ALL-UNNAMED --add-exports=jdk.compiler/com.sun.tools.javac.util=ALL-UNNAMED --add-opens=java.base/java.util=ALL-UNNAMED --add-opens=java.prefs/java.util.prefs=ALL-UNNAMED --add-opens=java.base/java.nio.charset=ALL-UNNAMED --add-opens=java.base/java.net=ALL-UNNAMED --add-opens=java.base/java.util.concurrent.atomic=ALL-UNNAMED --add-opens=java.xml/javax.xml.namespace=ALL-UNNAMED -Xmx2048m -Dfile.encoding=UTF-8 -Duser.country=CN -Duser.language=zh -Duser.variant -javaagent:C:\Users\DELL\.gradle\wrapper\dists\gradle-8.13-bin\5xuhj0ry160q40clulazy9h7d\gradle-8.13\lib\agents\gradle-instrumentation-agent-8.13.jar 
java_command: org.gradle.launcher.daemon.bootstrap.GradleDaemon 8.13
java_class_path (initial): C:\Users\DELL\.gradle\wrapper\dists\gradle-8.13-bin\5xuhj0ry160q40clulazy9h7d\gradle-8.13\lib\gradle-daemon-main-8.13.jar
Launcher Type: SUN_STANDARD

[Global flags]
     intx CICompilerCount                          = 12                                        {product} {ergonomic}
     uint ConcGCThreads                            = 3                                         {product} {ergonomic}
     uint G1ConcRefinementThreads                  = 13                                        {product} {ergonomic}
   size_t G1HeapRegionSize                         = 1048576                                   {product} {ergonomic}
    uintx GCDrainStackTargetSize                   = 64                                        {product} {ergonomic}
   size_t InitialHeapSize                          = 264241152                                 {product} {ergonomic}
   size_t MarkStackSize                            = 4194304                                   {product} {ergonomic}
   size_t MaxHeapSize                              = 2147483648                                {product} {command line}
   size_t MaxNewSize                               = 1287651328                                {product} {ergonomic}
   size_t MinHeapDeltaBytes                        = 1048576                                   {product} {ergonomic}
   size_t MinHeapSize                              = 8388608                                   {product} {ergonomic}
    uintx NonNMethodCodeHeapSize                   = 7602480                                {pd product} {ergonomic}
    uintx NonProfiledCodeHeapSize                  = 122027880                              {pd product} {ergonomic}
    uintx ProfiledCodeHeapSize                     = 122027880                              {pd product} {ergonomic}
    uintx ReservedCodeCacheSize                    = 251658240                              {pd product} {ergonomic}
     bool SegmentedCodeCache                       = true                                      {product} {ergonomic}
   size_t SoftMaxHeapSize                          = 2147483648                             {manageable} {ergonomic}
     bool UseCompressedOops                        = true                           {product lp64_product} {ergonomic}
     bool UseG1GC                                  = true                                      {product} {ergonomic}
     bool UseLargePagesIndividualAllocation        = false                                  {pd product} {ergonomic}

Logging:
Log output configuration:
 #0: stdout all=warning uptime,level,tags foldmultilines=false
 #1: stderr all=off uptime,level,tags foldmultilines=false

Environment Variables:
JAVA_HOME=D:\Java\jdk-14.0.1
CLASSPATH=D:\Java\jdk-14.0.1\lib;D:\Java\jdk-14.0.1\lib\tools.jar
PATH=C:\Program Files\Common Files\Oracle\Java\javapath;C:\Program Files\Eclipse Adoptium\jdk-17.0.4.101-hotspot\bin;C:\WINDOWS\system32;C:\WINDOWS;C:\WINDOWS\System32\Wbem;C:\WINDOWS\System32\WindowsPowerShell\v1.0\;C:\WINDOWS\System32\OpenSSH\;C:\Program Files\dotnet\;C:\Users\DELL\Downloads\x86_64-14.1.0-release-win32-seh-msvcrt-rt_v12-rev0\mingw64\bin;E:\python\Scripts;D:\Git\cmd;D:\envs\anaconda3;D:\envs\anaconda3\Library\mingw-w64\bin;D:\envs\anaconda3\Library\usr\bin;D:\envs\anaconda3\Library\bin;D:\envs\anaconda3\Scripts;C:\Users\DELL\AppData\Local\Microsoft\WindowsApps;D:\Microsoft VS Code\bin;E:\texlive\2024\bin\windows;D:\SQL\bin;C:\Program Files\nodejs\node_global;D:\Java\jdk-14.0.1\bin;D:\Java\jdk-14.0.1\jre\bin;C:\Program Files\nodejs\node_global\node_modules;
USERNAME=DELL
OS=Windows_NT
PROCESSOR_IDENTIFIER=Intel64 Family 6 Model 186 Stepping 2, GenuineIntel
TMP=C:\Users\DELL\AppData\Local\Temp
TEMP=C:\Users\DELL\AppData\Local\Temp




Periodic native trim disabled

JNI global refs:
JNI global refs: 39, weak refs: 19

JNI global refs memory usage: 835, weak refs: 833

Process memory usage:
Resident Set Size: 317232K (1% of 16454352K total physical memory with 646620K free physical memory)

OOME stack traces (most recent first):
Classloader memory used:
Loader org.gradle.internal.classloader.VisitableURLClassLoader                         : 37163K
Loader bootstrap                                                                       : 23618K
Loader org.gradle.initialization.MixInLegacyTypesClassLoader                           : 10977K
Loader jdk.internal.loader.ClassLoaders$PlatformClassLoader                            : 556K
Loader jdk.internal.loader.ClassLoaders$AppClassLoader                                 : 235K
Loader jdk.internal.reflect.DelegatingClassLoader                                      : 128K
Loader org.gradle.internal.classloader.VisitableURLClassLoader                         : 105K
Loader org.gradle.groovy.scripts.internal.DefaultScriptCompilationHandler$ScriptClassLoader: 100496B
Loader org.gradle.internal.classloader.VisitableURLClassLoader$InstrumentingVisitableURLClassLoader: 18744B
Loader org.codehaus.groovy.runtime.callsite.CallSiteClassLoader                        : 10160B

Classes loaded by more than one classloader:
Class Program                                                                         : loaded 3 times (x 72B)
Class org.gradle.internal.classloader.ClassLoaderHierarchy                            : loaded 2 times (x 70B)
Class ijJvmDebugger1_858lgih2bb2q0e27cpsinjh49$_run_closure1                          : loaded 2 times (x 139B)
Class org.gradle.api.internal.classpath.ManifestUtil                                  : loaded 2 times (x 71B)
Class org.gradle.internal.classloader.DefaultClassLoaderFactory                       : loaded 2 times (x 82B)
Class org.gradle.internal.classloader.ClassLoaderVisitor                              : loaded 2 times (x 76B)
Class org.gradle.api.internal.classpath.EffectiveClassPath                            : loaded 2 times (x 90B)
Class org.gradle.api.internal.DefaultClassPathProvider                                : loaded 2 times (x 76B)
Class [Lorg.gradle.api.internal.ClassPathProvider;                                    : loaded 2 times (x 69B)
Class org.gradle.api.internal.ClassPathProvider                                       : loaded 2 times (x 70B)
Class org.gradle.internal.service.UnknownServiceException                             : loaded 2 times (x 83B)
Class org.gradle.internal.classpath.TransformedClassPath                              : loaded 2 times (x 96B)
Class org.gradle.internal.classloader.InstrumentingClassLoader                        : loaded 2 times (x 70B)
Class org.gradle.internal.service.ServiceLocator                                      : loaded 2 times (x 70B)
Class org.gradle.internal.InternalTransformer                                         : loaded 2 times (x 70B)
Class org.gradle.internal.classloader.ClasspathUtil$1                                 : loaded 2 times (x 76B)
Class org.gradle.api.internal.classpath.DefaultModuleRegistry$DefaultModule           : loaded 2 times (x 86B)
Class org.gradle.api.internal.classpath.Module                                        : loaded 2 times (x 70B)
Class org.gradle.api.internal.classpath.UnknownModuleException                        : loaded 2 times (x 82B)
Class org.gradle.api.internal.DefaultClassPathRegistry                                : loaded 2 times (x 76B)
Class org.gradle.api.internal.ClassPathRegistry                                       : loaded 2 times (x 70B)
Class org.gradle.internal.classpath.DefaultClassPath$ImmutableUniqueList              : loaded 2 times (x 199B)
Class org.gradle.internal.classloader.FilteringClassLoader                            : loaded 2 times (x 105B)
Class Settings_gradle$1                                                               : loaded 2 times (x 74B)
Class org.gradle.internal.classpath.ClassPath                                         : loaded 2 times (x 70B)
Class org.gradle.api.UncheckedIOException                                             : loaded 2 times (x 82B)
Class org.gradle.internal.installation.GradleInstallation$1                           : loaded 2 times (x 75B)
Class org.gradle.api.internal.classpath.ModuleRegistry                                : loaded 2 times (x 70B)
Class org.gradle.api.internal.classpath.DefaultModuleRegistry                         : loaded 2 times (x 86B)
Class org.gradle.internal.service.ServiceLookupException                              : loaded 2 times (x 82B)
Class org.gradle.internal.classloader.ClassLoaderFactory                              : loaded 2 times (x 70B)
Class org.gradle.internal.service.CachingServiceLocator                               : loaded 2 times (x 82B)
Class org.gradle.internal.classloader.ClasspathUtil                                   : loaded 2 times (x 71B)
Class org.gradle.api.specs.Spec                                                       : loaded 2 times (x 70B)
Class org.gradle.internal.classloader.VisitableURLClassLoader$InstrumentingVisitableURLClassLoader: loaded 2 times (x 123B)
Class org.gradle.internal.classloader.VisitableURLClassLoader$Spec                    : loaded 2 times (x 74B)
Class org.gradle.internal.classpath.DefaultClassPath                                  : loaded 2 times (x 90B)
Class ijKotlinCoroutineJvmDebugInit1_7ur5bwen8i9sx3ssfdbh6sgvx$_run_closure1          : loaded 2 times (x 139B)
Class org.gradle.internal.classloader.ClassLoaderSpec                                 : loaded 2 times (x 71B)
Class Settings_gradle$1$1                                                             : loaded 2 times (x 74B)
Class ijKotlinCoroutineJvmDebugInit1_7ur5bwen8i9sx3ssfdbh6sgvx                        : loaded 2 times (x 179B)
Class org.gradle.internal.classloader.VisitableURLClassLoader                         : loaded 2 times (x 117B)
Class Settings_gradle                                                                 : loaded 2 times (x 128B)
Class org.gradle.internal.Cast                                                        : loaded 2 times (x 71B)
Class org.gradle.api.Action                                                           : loaded 2 times (x 70B)
Class org.gradle.internal.classpath.DefaultClassPath$ImmutableUniqueList$Builder      : loaded 2 times (x 75B)
Class org.gradle.api.GradleException                                                  : loaded 2 times (x 82B)
Class org.gradle.internal.IoActions                                                   : loaded 2 times (x 71B)
Class org.gradle.internal.classloader.SystemClassLoaderSpec                           : loaded 2 times (x 71B)
Class org.gradle.api.internal.classpath.GlobalCacheRootsProvider                      : loaded 2 times (x 70B)
Class org.gradle.internal.installation.CurrentGradleInstallationLocator               : loaded 2 times (x 71B)
Class ijJvmDebugger1_858lgih2bb2q0e27cpsinjh49                                        : loaded 2 times (x 179B)
Class org.gradle.internal.service.DefaultServiceLocator                               : loaded 2 times (x 83B)
Class org.gradle.internal.installation.CurrentGradleInstallation                      : loaded 2 times (x 73B)
Class org.gradle.util.internal.GUtil                                                  : loaded 2 times (x 71B)
Class org.gradle.internal.installation.GradleInstallation                             : loaded 2 times (x 75B)

---------------  S Y S T E M  ---------------

OS:
 Windows 11 , 64 bit Build 26100 (10.0.26100.6725)
OS uptime: 0 days 5:23 hours
Hyper-V role detected

CPU: total 16 (initial active 16) (8 cores per cpu, 2 threads per core) family 6 model 186 stepping 2 microcode 0x4128, cx8, cmov, fxsr, ht, mmx, 3dnowpref, sse, sse2, sse3, ssse3, sse4.1, sse4.2, popcnt, lzcnt, tsc, tscinvbit, avx, avx2, aes, erms, clmul, bmi1, bmi2, adx, sha, fma, vzeroupper, clflush, clflushopt, clwb, hv, serialize, rdtscp, rdpid, fsrm, f16c, cet_ibt, cet_ss
Processor Information for processor 0
  Max Mhz: 1900, Current Mhz: 1900, Mhz Limit: 1900
Processor Information for processor 1
  Max Mhz: 1900, Current Mhz: 1900, Mhz Limit: 1900
Processor Information for processor 2
  Max Mhz: 1900, Current Mhz: 1900, Mhz Limit: 1900
Processor Information for processor 3
  Max Mhz: 1900, Current Mhz: 1900, Mhz Limit: 1900
Processor Information for processor 4
  Max Mhz: 1900, Current Mhz: 1900, Mhz Limit: 1900
Processor Information for processor 5
  Max Mhz: 1900, Current Mhz: 1900, Mhz Limit: 1900
Processor Information for processor 6
  Max Mhz: 1900, Current Mhz: 1900, Mhz Limit: 1900
Processor Information for processor 7
  Max Mhz: 1900, Current Mhz: 1900, Mhz Limit: 1900
Processor Information for processor 8
  Max Mhz: 1900, Current Mhz: 1900, Mhz Limit: 1900
Processor Information for processor 9
  Max Mhz: 1900, Current Mhz: 1900, Mhz Limit: 1900
Processor Information for processor 10
  Max Mhz: 1900, Current Mhz: 1900, Mhz Limit: 1900
Processor Information for processor 11
  Max Mhz: 1900, Current Mhz: 1900, Mhz Limit: 1900
Processor Information for processor 12
  Max Mhz: 1900, Current Mhz: 1900, Mhz Limit: 1900
Processor Information for processor 13
  Max Mhz: 1900, Current Mhz: 1900, Mhz Limit: 1900
Processor Information for processor 14
  Max Mhz: 1900, Current Mhz: 1492, Mhz Limit: 1900
Processor Information for processor 15
  Max Mhz: 1900, Current Mhz: 1900, Mhz Limit: 1900

Memory: 4k page, system-wide physical 16068M (619M free)
TotalPageFile size 18972M (AvailPageFile size 0M)
current process WorkingSet (physical memory assigned to process): 311M, peak: 311M
current process commit charge ("private bytes"): 356M, peak: 395M

vm_info: OpenJDK 64-Bit Server VM (21.0.8+-14018985-b1038.68) for windows-amd64 JRE (21.0.8+-14018985-b1038.68), built on 2025-08-29T19:56:34Z by "builder" with MS VC++ 16.10 / 16.11 (VS2019)

END.
